[ 2016-09-21T09:02:07+08:00 ] 127.0.0.1 /
NOTIC: 
INFO: 
INFO: 
INFO: 
INFO: 
NOTIC: 
NOTIC: 
NOTIC: 
NOTIC: 
SQL: 
NOTIC: 
SQL: 
SQL: 
NOTIC: 
NOTIC: 
INFO: 
INFO: 
INFO: 
INFO: 
NOTIC: 
NOTIC: 
NOTIC: 
NOTIC: 
NOTIC: 
NOTIC: 
SQL: 
SQL: 
NOTIC: 
NOTIC: 
NOTIC: 
NOTIC: 
NOTIC: 
NOTIC: 
NOTIC: 
NOTIC: 
NOTIC: 
NOTIC: 
NOTIC: 
NOTIC: 
NOTIC: 
NOTIC: 
NOTIC: 
NOTIC: 
NOTIC: 
NOTIC: 
NOTIC: 
NOTIC: 
NOTIC: 
NOTIC: 
NOTIC: 
NOTIC: 
NOTIC: 
NOTIC: 
NOTIC: 
NOTIC: 
NOTIC: 
INFO: 
INFO: 
INFO: 
INFO: 
INFO: 
INFO: 
INFO: 
INFO: 
INFO: 
INFO: 
INFO: 

[ 2016-09-21T09:02:07+08:00 ] ERR: (ThinkException) 404
[ 2016-09-21T09:02:07+08:00 ] ERR: (ThinkException) 404
[ 2016-09-21T09:02:07+08:00 ] ERR: (ThinkException) 404
[ 2016-09-21T09:02:07+08:00 ] ERR: (ThinkException) 404
[ 2016-09-21T09:02:07+08:00 ] ERR: (ThinkException) 404
[ 2016-09-21T09:02:07+08:00 ] ERR: (ThinkException) 404
[ 2016-09-21T09:02:07+08:00 ] ERR: (ThinkException) 404
[ 2016-09-21T09:02:08+08:00 ] ERR: (ThinkException) 404
[ 2016-09-21T09:02:08+08:00 ] ERR: (ThinkException) 404
[ 2016-09-21T09:02:08+08:00 ] ERR: (ThinkException) 404
[ 2016-09-21T09:02:08+08:00 ] ERR: (ThinkException) 404
[ 2016-09-21T09:02:08+08:00 ] ERR: (ThinkException) 404
[ 2016-09-21T09:02:08+08:00 ] ERR: (ThinkException) 404
[ 2016-09-21T09:02:08+08:00 ] ERR: (ThinkException) 404
[ 2016-09-21T09:02:08+08:00 ] ERR: (ThinkException) 404
[ 2016-09-21T09:02:08+08:00 ] ERR: (ThinkException) 404
[ 2016-09-21T09:02:08+08:00 ] ERR: (ThinkException) 404
[ 2016-09-21T09:02:08+08:00 ] ERR: (ThinkException) 404
[ 2016-09-21T09:02:08+08:00 ] ERR: (ThinkException) 404
[ 2016-09-21T09:02:08+08:00 ] ERR: (ThinkException) _MODULE_NOT_EXIST_:favicon.ico
[ 2016-09-21T09:02:08+08:00 ] ERR: (ThinkException) 404
[ 2016-09-21T09:02:27+08:00 ] 127.0.0.1 /
NOTIC: 
INFO: 
INFO: 
INFO: 
INFO: 
NOTIC: 
NOTIC: 
NOTIC: 
NOTIC: 
SQL: 
NOTIC: 
SQL: 
SQL: 
NOTIC: 
NOTIC: 
INFO: 
INFO: 
INFO: 
INFO: 
NOTIC: 
NOTIC: 
NOTIC: 
NOTIC: 
NOTIC: 
NOTIC: 
SQL: 
SQL: 
NOTIC: 
NOTIC: 
NOTIC: 
NOTIC: 
NOTIC: 
NOTIC: 
NOTIC: 
NOTIC: 
NOTIC: 
NOTIC: 
NOTIC: 
NOTIC: 
NOTIC: 
NOTIC: 
NOTIC: 
NOTIC: 
NOTIC: 
NOTIC: 
NOTIC: 
NOTIC: 
NOTIC: 
NOTIC: 
NOTIC: 
NOTIC: 
NOTIC: 
NOTIC: 
NOTIC: 
NOTIC: 
NOTIC: 
INFO: 
INFO: 
INFO: 
INFO: 
INFO: 
INFO: 
INFO: 
INFO: 
INFO: 
INFO: 
INFO: 

[ 2016-09-21T09:02:27+08:00 ] ERR: (ThinkException) 404
[ 2016-09-21T09:02:27+08:00 ] ERR: (ThinkException) 404
[ 2016-09-21T09:02:27+08:00 ] ERR: (ThinkException) 404
[ 2016-09-21T09:02:27+08:00 ] ERR: (ThinkException) 404
[ 2016-09-21T09:02:27+08:00 ] ERR: (ThinkException) 404
[ 2016-09-21T09:02:27+08:00 ] ERR: (ThinkException) 404
[ 2016-09-21T09:02:27+08:00 ] ERR: (ThinkException) 404
[ 2016-09-21T09:02:27+08:00 ] ERR: (ThinkException) 404
[ 2016-09-21T09:02:27+08:00 ] ERR: (ThinkException) 404
[ 2016-09-21T09:02:27+08:00 ] ERR: (ThinkException) 404
[ 2016-09-21T09:02:27+08:00 ] ERR: (ThinkException) 404
[ 2016-09-21T09:02:27+08:00 ] ERR: (ThinkException) 404
[ 2016-09-21T09:02:27+08:00 ] ERR: (ThinkException) 404
[ 2016-09-21T09:02:27+08:00 ] ERR: (ThinkException) 404
[ 2016-09-21T09:02:27+08:00 ] ERR: (ThinkException) 404
[ 2016-09-21T09:02:27+08:00 ] ERR: (ThinkException) 404
[ 2016-09-21T09:02:27+08:00 ] ERR: (ThinkException) 404
[ 2016-09-21T09:02:27+08:00 ] ERR: (ThinkException) 404
[ 2016-09-21T09:02:27+08:00 ] ERR: (ThinkException) _MODULE_NOT_EXIST_:favicon.ico
[ 2016-09-21T09:02:27+08:00 ] ERR: (ThinkException) 404
[ 2016-09-21T09:02:28+08:00 ] 127.0.0.1 /
NOTIC: 
INFO: 
INFO: 
INFO: 
INFO: 
NOTIC: 
NOTIC: 
NOTIC: 
NOTIC: 
SQL: 
NOTIC: 
SQL: 
SQL: 
NOTIC: 
NOTIC: 
INFO: 
INFO: 
INFO: 
INFO: 
NOTIC: 
NOTIC: 
NOTIC: 
NOTIC: 
NOTIC: 
NOTIC: 
SQL: 
SQL: 
NOTIC: 
NOTIC: 
NOTIC: 
NOTIC: 
NOTIC: 
NOTIC: 
NOTIC: 
NOTIC: 
NOTIC: 
NOTIC: 
NOTIC: 
NOTIC: 
NOTIC: 
NOTIC: 
NOTIC: 
NOTIC: 
NOTIC: 
NOTIC: 
NOTIC: 
NOTIC: 
NOTIC: 
NOTIC: 
NOTIC: 
NOTIC: 
NOTIC: 
NOTIC: 
NOTIC: 
NOTIC: 
NOTIC: 
INFO: 
INFO: 
INFO: 
INFO: 
INFO: 
INFO: 
INFO: 
INFO: 
INFO: 
INFO: 
INFO: 

[ 2016-09-21T09:02:28+08:00 ] ERR: (ThinkException) 404
[ 2016-09-21T09:02:28+08:00 ] ERR: (ThinkException) 404
[ 2016-09-21T09:02:28+08:00 ] ERR: (ThinkException) 404
[ 2016-09-21T09:02:28+08:00 ] ERR: (ThinkException) 404
[ 2016-09-21T09:02:28+08:00 ] ERR: (ThinkException) 404
[ 2016-09-21T09:02:28+08:00 ] ERR: (ThinkException) 404
[ 2016-09-21T09:02:28+08:00 ] ERR: (ThinkException) 404
[ 2016-09-21T09:02:28+08:00 ] ERR: (ThinkException) 404
[ 2016-09-21T09:02:28+08:00 ] ERR: (ThinkException) 404
[ 2016-09-21T09:02:28+08:00 ] ERR: (ThinkException) 404
[ 2016-09-21T09:02:28+08:00 ] ERR: (ThinkException) 404
[ 2016-09-21T09:02:28+08:00 ] ERR: (ThinkException) 404
[ 2016-09-21T09:02:28+08:00 ] ERR: (ThinkException) 404
[ 2016-09-21T09:02:28+08:00 ] ERR: (ThinkException) 404
[ 2016-09-21T09:02:28+08:00 ] ERR: (ThinkException) 404
[ 2016-09-21T09:02:28+08:00 ] ERR: (ThinkException) 404
[ 2016-09-21T09:02:28+08:00 ] ERR: (ThinkException) 404
[ 2016-09-21T09:02:28+08:00 ] ERR: (ThinkException) 404
[ 2016-09-21T09:02:28+08:00 ] ERR: (ThinkException) _MODULE_NOT_EXIST_:favicon.ico
[ 2016-09-21T09:02:28+08:00 ] ERR: (ThinkException) 404
[ 2016-09-21T09:02:34+08:00 ] 127.0.0.1 /
NOTIC: 
INFO: 
INFO: 
INFO: 
INFO: 
NOTIC: 
NOTIC: 
NOTIC: 
NOTIC: 
SQL: 
NOTIC: 
SQL: 
SQL: 
NOTIC: 
NOTIC: 
INFO: 
INFO: 
INFO: 
INFO: 
NOTIC: 
NOTIC: 
NOTIC: 
NOTIC: 
NOTIC: 
NOTIC: 
SQL: 
SQL: 
NOTIC: 
NOTIC: 
NOTIC: 
NOTIC: 
NOTIC: 
NOTIC: 
NOTIC: 
NOTIC: 
NOTIC: 
NOTIC: 
NOTIC: 
NOTIC: 
NOTIC: 
NOTIC: 
NOTIC: 
NOTIC: 
NOTIC: 
NOTIC: 
NOTIC: 
NOTIC: 
NOTIC: 
NOTIC: 
NOTIC: 
NOTIC: 
NOTIC: 
NOTIC: 
NOTIC: 
NOTIC: 
NOTIC: 
INFO: 
INFO: 
INFO: 
INFO: 
INFO: 
INFO: 
INFO: 
INFO: 
INFO: 
INFO: 
INFO: 

[ 2016-09-21T09:02:34+08:00 ] ERR: (ThinkException) 404
[ 2016-09-21T09:02:34+08:00 ] ERR: (ThinkException) 404
[ 2016-09-21T09:02:34+08:00 ] ERR: (ThinkException) 404
[ 2016-09-21T09:02:34+08:00 ] ERR: (ThinkException) 404
[ 2016-09-21T09:02:34+08:00 ] ERR: (ThinkException) 404
[ 2016-09-21T09:02:34+08:00 ] ERR: (ThinkException) 404
[ 2016-09-21T09:02:34+08:00 ] ERR: (ThinkException) 404
[ 2016-09-21T09:02:34+08:00 ] ERR: (ThinkException) 404
[ 2016-09-21T09:02:34+08:00 ] ERR: (ThinkException) 404
[ 2016-09-21T09:02:34+08:00 ] ERR: (ThinkException) 404
[ 2016-09-21T09:02:34+08:00 ] ERR: (ThinkException) 404
[ 2016-09-21T09:02:34+08:00 ] ERR: (ThinkException) 404
[ 2016-09-21T09:02:34+08:00 ] ERR: (ThinkException) 404
[ 2016-09-21T09:02:34+08:00 ] ERR: (ThinkException) 404
[ 2016-09-21T09:02:34+08:00 ] ERR: (ThinkException) 404
[ 2016-09-21T09:02:34+08:00 ] ERR: (ThinkException) 404
[ 2016-09-21T09:02:34+08:00 ] ERR: (ThinkException) 404
[ 2016-09-21T09:02:34+08:00 ] ERR: (ThinkException) _MODULE_NOT_EXIST_:favicon.ico
[ 2016-09-21T09:02:34+08:00 ] ERR: (ThinkException) 404
[ 2016-09-21T09:02:35+08:00 ] 127.0.0.1 /
NOTIC: 
INFO: 
INFO: 
INFO: 
INFO: 
NOTIC: 
NOTIC: 
NOTIC: 
NOTIC: 
SQL: 
NOTIC: 
SQL: 
SQL: 
NOTIC: 
NOTIC: 
INFO: 
INFO: 
INFO: 
INFO: 
NOTIC: 
NOTIC: 
NOTIC: 
NOTIC: 
NOTIC: 
NOTIC: 
SQL: 
SQL: 
NOTIC: 
NOTIC: 
NOTIC: 
NOTIC: 
NOTIC: 
NOTIC: 
NOTIC: 
NOTIC: 
NOTIC: 
NOTIC: 
NOTIC: 
NOTIC: 
NOTIC: 
NOTIC: 
NOTIC: 
NOTIC: 
NOTIC: 
NOTIC: 
NOTIC: 
NOTIC: 
NOTIC: 
NOTIC: 
NOTIC: 
NOTIC: 
NOTIC: 
NOTIC: 
NOTIC: 
NOTIC: 
NOTIC: 
INFO: 
INFO: 
INFO: 
INFO: 
INFO: 
INFO: 
INFO: 
INFO: 
INFO: 
INFO: 
INFO: 

[ 2016-09-21T09:02:35+08:00 ] ERR: (ThinkException) 404
[ 2016-09-21T09:02:35+08:00 ] ERR: (ThinkException) 404
[ 2016-09-21T09:02:35+08:00 ] ERR: (ThinkException) 404
[ 2016-09-21T09:02:35+08:00 ] ERR: (ThinkException) 404
[ 2016-09-21T09:02:35+08:00 ] ERR: (ThinkException) 404
[ 2016-09-21T09:02:35+08:00 ] ERR: (ThinkException) 404
[ 2016-09-21T09:02:35+08:00 ] ERR: (ThinkException) 404
[ 2016-09-21T09:02:35+08:00 ] ERR: (ThinkException) 404
[ 2016-09-21T09:02:35+08:00 ] ERR: (ThinkException) 404
[ 2016-09-21T09:02:35+08:00 ] ERR: (ThinkException) 404
[ 2016-09-21T09:02:35+08:00 ] ERR: (ThinkException) 404
[ 2016-09-21T09:02:35+08:00 ] ERR: (ThinkException) 404
[ 2016-09-21T09:02:35+08:00 ] ERR: (ThinkException) 404
[ 2016-09-21T09:02:35+08:00 ] ERR: (ThinkException) 404
[ 2016-09-21T09:02:35+08:00 ] ERR: (ThinkException) 404
[ 2016-09-21T09:02:35+08:00 ] ERR: (ThinkException) 404
[ 2016-09-21T09:02:35+08:00 ] ERR: (ThinkException) 404
[ 2016-09-21T09:02:35+08:00 ] ERR: (ThinkException) _MODULE_NOT_EXIST_:favicon.ico
[ 2016-09-21T09:02:35+08:00 ] ERR: (ThinkException) 404
[ 2016-09-21T09:02:43+08:00 ] 127.0.0.1 /index.php?g=Admin&m=Login
NOTIC: 
INFO: 
INFO: 
INFO: 
INFO: 
NOTIC: 
NOTIC: 
INFO: 
INFO: 
INFO: 
INFO: 
NOTIC: 
INFO: 
INFO: 
INFO: 
INFO: 
INFO: 
INFO: 
INFO: 
INFO: 
INFO: 
INFO: 
INFO: 

[ 2016-09-21T09:02:43+08:00 ] 127.0.0.1 /index.php?g=Home&m=Index&a=verify
NOTIC: 
INFO: 
INFO: 
INFO: 
INFO: 
NOTIC: 
NOTIC: 
NOTIC: 
NOTIC: 
SQL: 
NOTIC: 
SQL: 
SQL: 
NOTIC: 
NOTIC: 

[ 2016-09-21T09:02:43+08:00 ] ERR: (ThinkException) 404
[ 2016-09-21T09:02:43+08:00 ] ERR: (ThinkException) 404
[ 2016-09-21T09:02:43+08:00 ] 127.0.0.1 /index.php?g=Home&m=Index&a=verify
NOTIC: 
INFO: 
INFO: 
INFO: 
INFO: 
NOTIC: 
NOTIC: 
NOTIC: 
NOTIC: 
SQL: 
NOTIC: 
SQL: 
SQL: 
NOTIC: 
NOTIC: 

[ 2016-09-21T09:02:43+08:00 ] ERR: (ThinkException) _MODULE_NOT_EXIST_:favicon.ico
[ 2016-09-21T09:02:53+08:00 ] 127.0.0.1 /index.php?g=Home&m=Index&a=verify
NOTIC: 
INFO: 
INFO: 
INFO: 
INFO: 
NOTIC: 
NOTIC: 
NOTIC: 
NOTIC: 
SQL: 
NOTIC: 
SQL: 
SQL: 
NOTIC: 
NOTIC: 

[ 2016-09-21T09:03:02+08:00 ] 127.0.0.1 /index.php?g=Admin&m=Index&a=index
NOTIC: 
INFO: 
INFO: 
INFO: 
INFO: 
NOTIC: 
NOTIC: 
NOTIC: 
NOTIC: 
NOTIC: 
NOTIC: 
NOTIC: 
SQL: 
SQL: 
NOTIC: 
NOTIC: 
NOTIC: 
NOTIC: 
NOTIC: 
NOTIC: 
NOTIC: 
NOTIC: 
NOTIC: 
NOTIC: 
NOTIC: 
NOTIC: 
NOTIC: 
NOTIC: 
NOTIC: 
NOTIC: 
NOTIC: 
NOTIC: 
NOTIC: 
NOTIC: 
NOTIC: 
NOTIC: 
NOTIC: 
NOTIC: 
INFO: 
INFO: 
INFO: 
INFO: 
NOTIC: 
NOTIC: 
NOTIC: 
NOTIC: 
NOTIC: 
NOTIC: 
NOTIC: 
NOTIC: 
NOTIC: 
NOTIC: 
NOTIC: 
NOTIC: 
NOTIC: 
NOTIC: 
NOTIC: 
NOTIC: 
NOTIC: 
NOTIC: 
NOTIC: 
NOTIC: 
NOTIC: 
NOTIC: 
NOTIC: 
NOTIC: 
NOTIC: 
NOTIC: 
NOTIC: 
NOTIC: 
NOTIC: 
NOTIC: 
NOTIC: 
NOTIC: 
NOTIC: 
NOTIC: 
NOTIC: 
NOTIC: 
NOTIC: 
NOTIC: 
NOTIC: 
NOTIC: 
NOTIC: 
NOTIC: 
NOTIC: 
NOTIC: 
NOTIC: 
NOTIC: 
NOTIC: 
NOTIC: 
NOTIC: 
NOTIC: 
NOTIC: 
NOTIC: 
NOTIC: 
INFO: 
INFO: 
INFO: 
INFO: 
INFO: 
INFO: 
INFO: 
INFO: 
INFO: 
INFO: 
INFO: 

[ 2016-09-21T09:03:02+08:00 ] 127.0.0.1 /index.php?g=Admin&m=Index&a=main
NOTIC: 
INFO: 
INFO: 
INFO: 
INFO: 
NOTIC: 
NOTIC: 
NOTIC: 
SQL: 
SQL: 
SQL: 
SQL: 
SQL: 
SQL: 
SQL: 
SQL: 
SQL: 
SQL: 
SQL: 
SQL: 
SQL: 
SQL: 
SQL: 
SQL: 
SQL: 
SQL: 
SQL: 
SQL: 
INFO: 
INFO: 
INFO: 
INFO: 
NOTIC: 
NOTIC: 
NOTIC: 
NOTIC: 
NOTIC: 
NOTIC: 
NOTIC: 
NOTIC: 
NOTIC: 
NOTIC: 
NOTIC: 
NOTIC: 
NOTIC: 
NOTIC: 
NOTIC: 
NOTIC: 
NOTIC: 
NOTIC: 
NOTIC: 
NOTIC: 
NOTIC: 
NOTIC: 
NOTIC: 
NOTIC: 
NOTIC: 
NOTIC: 
NOTIC: 
NOTIC: 
NOTIC: 
NOTIC: 
NOTIC: 
NOTIC: 
NOTIC: 
NOTIC: 
NOTIC: 
NOTIC: 
NOTIC: 
NOTIC: 
NOTIC: 
NOTIC: 
NOTIC: 
INFO: 
INFO: 
INFO: 
INFO: 
INFO: 
INFO: 
INFO: 
INFO: 
INFO: 
INFO: 
INFO: 

[ 2016-09-21T09:03:02+08:00 ] ERR: (ThinkException) _MODULE_NOT_EXIST_:favicon.ico
[ 2016-09-21T09:03:02+08:00 ] 127.0.0.1 /index.php?g=Admin&m=Index&a=main&menuid=42
NOTIC: 
INFO: 
INFO: 
INFO: 
INFO: 
NOTIC: 
NOTIC: 
NOTIC: 
NOTIC: 
SQL: 
SQL: 
SQL: 
SQL: 
SQL: 
SQL: 
SQL: 
SQL: 
SQL: 
SQL: 
SQL: 
SQL: 
SQL: 
SQL: 
SQL: 
SQL: 
SQL: 
SQL: 
SQL: 
SQL: 
INFO: 
INFO: 
INFO: 
INFO: 
NOTIC: 
NOTIC: 
NOTIC: 
NOTIC: 
NOTIC: 
NOTIC: 
NOTIC: 
NOTIC: 
NOTIC: 
NOTIC: 
NOTIC: 
NOTIC: 
NOTIC: 
NOTIC: 
NOTIC: 
NOTIC: 
NOTIC: 
NOTIC: 
NOTIC: 
NOTIC: 
NOTIC: 
NOTIC: 
NOTIC: 
NOTIC: 
NOTIC: 
NOTIC: 
NOTIC: 
NOTIC: 
NOTIC: 
NOTIC: 
NOTIC: 
NOTIC: 
INFO: 
INFO: 
INFO: 
INFO: 
INFO: 
INFO: 
INFO: 
INFO: 
INFO: 
INFO: 
INFO: 

[ 2016-09-21T09:03:04+08:00 ] 127.0.0.1 /index.php?g=Admin&m=Config&a=index&menuid=50
NOTIC: 
INFO: 
INFO: 
INFO: 
INFO: 
NOTIC: 
NOTIC: 
NOTIC: 
SQL: 
SQL: 
INFO: 
INFO: 
INFO: 
INFO: 
NOTIC: 
NOTIC: 
NOTIC: 
NOTIC: 
NOTIC: 
NOTIC: 
NOTIC: 
NOTIC: 
NOTIC: 
NOTIC: 
NOTIC: 
NOTIC: 
NOTIC: 
NOTIC: 
NOTIC: 
NOTIC: 
NOTIC: 
NOTIC: 
NOTIC: 
NOTIC: 
NOTIC: 
NOTIC: 
NOTIC: 
NOTIC: 
NOTIC: 
NOTIC: 
NOTIC: 
NOTIC: 
NOTIC: 
NOTIC: 
NOTIC: 
NOTIC: 
NOTIC: 
NOTIC: 
NOTIC: 
NOTIC: 
NOTIC: 
NOTIC: 
NOTIC: 
NOTIC: 
NOTIC: 
NOTIC: 
NOTIC: 
NOTIC: 
NOTIC: 
NOTIC: 
NOTIC: 
NOTIC: 
NOTIC: 
NOTIC: 
NOTIC: 
NOTIC: 
NOTIC: 
NOTIC: 
NOTIC: 
NOTIC: 
INFO: 
INFO: 
INFO: 
INFO: 
INFO: 
INFO: 
INFO: 
INFO: 
INFO: 
INFO: 
INFO: 

[ 2016-09-21T09:03:06+08:00 ] 127.0.0.1 /index.php?g=Admin&m=Index&a=main&menuid=42
NOTIC: 
INFO: 
INFO: 
INFO: 
INFO: 
NOTIC: 
NOTIC: 
NOTIC: 
NOTIC: 
SQL: 
SQL: 
SQL: 
SQL: 
SQL: 
SQL: 
SQL: 
SQL: 
SQL: 
SQL: 
SQL: 
SQL: 
SQL: 
SQL: 
SQL: 
SQL: 
SQL: 
SQL: 
SQL: 
SQL: 
INFO: 
INFO: 
INFO: 
INFO: 
NOTIC: 
NOTIC: 
NOTIC: 
NOTIC: 
NOTIC: 
NOTIC: 
NOTIC: 
NOTIC: 
NOTIC: 
NOTIC: 
NOTIC: 
NOTIC: 
NOTIC: 
NOTIC: 
NOTIC: 
NOTIC: 
NOTIC: 
NOTIC: 
NOTIC: 
NOTIC: 
NOTIC: 
NOTIC: 
NOTIC: 
NOTIC: 
NOTIC: 
NOTIC: 
NOTIC: 
NOTIC: 
NOTIC: 
NOTIC: 
NOTIC: 
NOTIC: 
INFO: 
INFO: 
INFO: 
INFO: 
INFO: 
INFO: 
INFO: 
INFO: 
INFO: 
INFO: 
INFO: 

[ 2016-09-21T09:03:08+08:00 ] 127.0.0.1 /index.php?g=Admin&m=Index&a=password&menuid=40
NOTIC: 
INFO: 
INFO: 
INFO: 
INFO: 
NOTIC: 
NOTIC: 
NOTIC: 
NOTIC: 
NOTIC: 
INFO: 
INFO: 
INFO: 
INFO: 
NOTIC: 
NOTIC: 
NOTIC: 
NOTIC: 
NOTIC: 
NOTIC: 
NOTIC: 
NOTIC: 
NOTIC: 
NOTIC: 
INFO: 
INFO: 
INFO: 
INFO: 
INFO: 
INFO: 
INFO: 
INFO: 
INFO: 
INFO: 
INFO: 

[ 2016-09-21T09:03:08+08:00 ] 127.0.0.1 /index.php?g=Home&m=Index&a=verify
NOTIC: 
INFO: 
INFO: 
INFO: 
INFO: 
NOTIC: 
NOTIC: 
NOTIC: 
NOTIC: 
SQL: 
NOTIC: 
SQL: 
SQL: 
NOTIC: 
NOTIC: 

[ 2016-09-21T09:03:17+08:00 ] 127.0.0.1 /index.php?g=Admin&m=Index&a=password
NOTIC: 
INFO: 
INFO: 
INFO: 
INFO: 
NOTIC: 
NOTIC: 
NOTIC: 
NOTIC: 
SQL: 
SQL: 
SQL: 
INFO: 
INFO: 
INFO: 
INFO: 
NOTIC: 
NOTIC: 
NOTIC: 
NOTIC: 
INFO: 
INFO: 
INFO: 
INFO: 
INFO: 
INFO: 
INFO: 
INFO: 
INFO: 
INFO: 
INFO: 

[ 2016-09-21T09:03:18+08:00 ] 127.0.0.1 /index.php?g=Admin&m=Index&a=password&menuid=40
NOTIC: 
INFO: 
INFO: 
INFO: 
INFO: 
NOTIC: 
NOTIC: 
NOTIC: 
NOTIC: 
NOTIC: 
INFO: 
INFO: 
INFO: 
INFO: 
NOTIC: 
NOTIC: 
NOTIC: 
NOTIC: 
NOTIC: 
NOTIC: 
NOTIC: 
NOTIC: 
NOTIC: 
INFO: 
INFO: 
INFO: 
INFO: 
INFO: 
INFO: 
INFO: 
INFO: 
INFO: 
INFO: 
INFO: 

[ 2016-09-21T09:03:18+08:00 ] 127.0.0.1 /index.php?g=Home&m=Index&a=verify
NOTIC: 
INFO: 
INFO: 
INFO: 
INFO: 
NOTIC: 
NOTIC: 
NOTIC: 
NOTIC: 
SQL: 
NOTIC: 
SQL: 
SQL: 
NOTIC: 
NOTIC: 

[ 2016-09-21T09:03:44+08:00 ] 127.0.0.1 /index.php?g=Admin&m=Category&a=index&menuid=17
NOTIC: 
INFO: 
INFO: 
INFO: 
INFO: 
NOTIC: 
NOTIC: 
NOTIC: 
SQL: 
NOTIC: 
INFO: 
INFO: 
INFO: 
INFO: 
NOTIC: 
NOTIC: 
NOTIC: 
NOTIC: 
NOTIC: 
NOTIC: 
NOTIC: 
NOTIC: 
NOTIC: 
NOTIC: 
NOTIC: 
NOTIC: 
NOTIC: 
NOTIC: 
NOTIC: 
NOTIC: 
NOTIC: 
NOTIC: 
NOTIC: 
NOTIC: 
NOTIC: 
NOTIC: 
NOTIC: 
NOTIC: 
NOTIC: 
NOTIC: 
NOTIC: 
NOTIC: 
INFO: 
INFO: 
INFO: 
INFO: 
INFO: 
INFO: 
INFO: 
INFO: 
INFO: 
INFO: 
INFO: 

[ 2016-09-21T09:03:45+08:00 ] 127.0.0.1 /index.php?g=Admin&m=Template&a=index&menuid=60
NOTIC: 
INFO: 
INFO: 
INFO: 
INFO: 
NOTIC: 
NOTIC: 
NOTIC: 
NOTIC: 
INFO: 
INFO: 
INFO: 
INFO: 
NOTIC: 
NOTIC: 
NOTIC: 
NOTIC: 
NOTIC: 
NOTIC: 
NOTIC: 
NOTIC: 
NOTIC: 
NOTIC: 
NOTIC: 
NOTIC: 
NOTIC: 
NOTIC: 
NOTIC: 
NOTIC: 
NOTIC: 
NOTIC: 
NOTIC: 
NOTIC: 
NOTIC: 
NOTIC: 
NOTIC: 
NOTIC: 
NOTIC: 
NOTIC: 
NOTIC: 
NOTIC: 
NOTIC: 
NOTIC: 
NOTIC: 
NOTIC: 
NOTIC: 
NOTIC: 
NOTIC: 
NOTIC: 
NOTIC: 
NOTIC: 
NOTIC: 
NOTIC: 
NOTIC: 
NOTIC: 
NOTIC: 
NOTIC: 
NOTIC: 
NOTIC: 
NOTIC: 
NOTIC: 
NOTIC: 
NOTIC: 
NOTIC: 
NOTIC: 
NOTIC: 
NOTIC: 
NOTIC: 
NOTIC: 
NOTIC: 
NOTIC: 
NOTIC: 
NOTIC: 
NOTIC: 
NOTIC: 
NOTIC: 
NOTIC: 
NOTIC: 
NOTIC: 
NOTIC: 
NOTIC: 
NOTIC: 
NOTIC: 
NOTIC: 
NOTIC: 
NOTIC: 
NOTIC: 
NOTIC: 
NOTIC: 
NOTIC: 
NOTIC: 
NOTIC: 
NOTIC: 
NOTIC: 
NOTIC: 
NOTIC: 
NOTIC: 
NOTIC: 
NOTIC: 
NOTIC: 
NOTIC: 
NOTIC: 
NOTIC: 
NOTIC: 
NOTIC: 
NOTIC: 
NOTIC: 
NOTIC: 
NOTIC: 
NOTIC: 
NOTIC: 
NOTIC: 
NOTIC: 
NOTIC: 
NOTIC: 
NOTIC: 
NOTIC: 
NOTIC: 
NOTIC: 
NOTIC: 
NOTIC: 
NOTIC: 
NOTIC: 
NOTIC: 
NOTIC: 
INFO: 
INFO: 
INFO: 
INFO: 
INFO: 
INFO: 
INFO: 
INFO: 
INFO: 
INFO: 
INFO: 

[ 2016-09-21T09:03:46+08:00 ] 127.0.0.1 /index.php?g=Admin&m=Slide&a=index&menuid=77
NOTIC: 
INFO: 
INFO: 
INFO: 
INFO: 
NOTIC: 
NOTIC: 
NOTIC: 
SQL: 
NOTIC: 
SQL: 
NOTIC: 
NOTIC: 
NOTIC: 
SQL: 
INFO: 
INFO: 
INFO: 
INFO: 
NOTIC: 
NOTIC: 
NOTIC: 
NOTIC: 
NOTIC: 
NOTIC: 
NOTIC: 
NOTIC: 
NOTIC: 
NOTIC: 
NOTIC: 
NOTIC: 
NOTIC: 
NOTIC: 
NOTIC: 
NOTIC: 
NOTIC: 
NOTIC: 
NOTIC: 
NOTIC: 
NOTIC: 
NOTIC: 
NOTIC: 
INFO: 
INFO: 
INFO: 
INFO: 
INFO: 
INFO: 
INFO: 
INFO: 
INFO: 
INFO: 
INFO: 

[ 2016-09-21T09:03:47+08:00 ] 127.0.0.1 /index.php?g=Admin&m=Slide&a=edit&id=1
NOTIC: 
INFO: 
INFO: 
INFO: 
INFO: 
NOTIC: 
NOTIC: 
NOTIC: 
NOTIC: 
SQL: 
SQL: 
NOTIC: 
INFO: 
INFO: 
INFO: 
INFO: 
NOTIC: 
NOTIC: 
NOTIC: 
NOTIC: 
NOTIC: 
NOTIC: 
NOTIC: 
NOTIC: 
NOTIC: 
NOTIC: 
NOTIC: 
NOTIC: 
NOTIC: 
NOTIC: 
NOTIC: 
NOTIC: 
NOTIC: 
NOTIC: 
NOTIC: 
NOTIC: 
NOTIC: 
NOTIC: 
NOTIC: 
NOTIC: 
NOTIC: 
NOTIC: 
NOTIC: 
NOTIC: 
NOTIC: 
NOTIC: 
NOTIC: 
NOTIC: 
NOTIC: 
NOTIC: 
NOTIC: 
NOTIC: 
NOTIC: 
NOTIC: 
NOTIC: 
NOTIC: 
NOTIC: 
NOTIC: 
NOTIC: 
NOTIC: 
NOTIC: 
NOTIC: 
NOTIC: 
NOTIC: 
NOTIC: 
NOTIC: 
NOTIC: 
NOTIC: 
NOTIC: 
NOTIC: 
INFO: 
INFO: 
INFO: 
INFO: 
INFO: 
INFO: 
INFO: 
INFO: 
INFO: 
INFO: 
INFO: 

[ 2016-09-21T09:07:10+08:00 ] 127.0.0.1 /index.php?g=Admin&m=Index&a=index
NOTIC: 
INFO: 
INFO: 
INFO: 
INFO: 
NOTIC: 
NOTIC: 
NOTIC: 
NOTIC: 
NOTIC: 
NOTIC: 
NOTIC: 
SQL: 
SQL: 
NOTIC: 
NOTIC: 
NOTIC: 
NOTIC: 
NOTIC: 
NOTIC: 
NOTIC: 
NOTIC: 
NOTIC: 
NOTIC: 
NOTIC: 
NOTIC: 
NOTIC: 
NOTIC: 
NOTIC: 
NOTIC: 
NOTIC: 
NOTIC: 
NOTIC: 
NOTIC: 
NOTIC: 
NOTIC: 
NOTIC: 
NOTIC: 
INFO: 
INFO: 
INFO: 
INFO: 
NOTIC: 
NOTIC: 
NOTIC: 
NOTIC: 
NOTIC: 
NOTIC: 
NOTIC: 
NOTIC: 
NOTIC: 
NOTIC: 
NOTIC: 
NOTIC: 
NOTIC: 
NOTIC: 
NOTIC: 
NOTIC: 
NOTIC: 
NOTIC: 
NOTIC: 
NOTIC: 
NOTIC: 
NOTIC: 
NOTIC: 
NOTIC: 
NOTIC: 
NOTIC: 
NOTIC: 
NOTIC: 
NOTIC: 
NOTIC: 
NOTIC: 
NOTIC: 
NOTIC: 
NOTIC: 
NOTIC: 
NOTIC: 
NOTIC: 
NOTIC: 
NOTIC: 
NOTIC: 
NOTIC: 
NOTIC: 
NOTIC: 
NOTIC: 
NOTIC: 
NOTIC: 
NOTIC: 
NOTIC: 
NOTIC: 
NOTIC: 
NOTIC: 
NOTIC: 
INFO: 
INFO: 
INFO: 
INFO: 
INFO: 
INFO: 
INFO: 
INFO: 
INFO: 
INFO: 
INFO: 

[ 2016-09-21T09:07:10+08:00 ] 127.0.0.1 /index.php?g=Admin&m=Index&a=main
NOTIC: 
INFO: 
INFO: 
INFO: 
INFO: 
NOTIC: 
NOTIC: 
NOTIC: 
NOTIC: 
SQL: 
SQL: 
SQL: 
SQL: 
SQL: 
SQL: 
SQL: 
SQL: 
SQL: 
SQL: 
SQL: 
SQL: 
SQL: 
SQL: 
SQL: 
SQL: 
SQL: 
SQL: 
SQL: 
SQL: 
INFO: 
INFO: 
INFO: 
INFO: 
NOTIC: 
NOTIC: 
NOTIC: 
NOTIC: 
NOTIC: 
NOTIC: 
NOTIC: 
NOTIC: 
NOTIC: 
NOTIC: 
NOTIC: 
NOTIC: 
NOTIC: 
NOTIC: 
NOTIC: 
NOTIC: 
NOTIC: 
NOTIC: 
NOTIC: 
NOTIC: 
NOTIC: 
NOTIC: 
NOTIC: 
NOTIC: 
NOTIC: 
NOTIC: 
NOTIC: 
NOTIC: 
NOTIC: 
NOTIC: 
NOTIC: 
NOTIC: 
NOTIC: 
NOTIC: 
NOTIC: 
NOTIC: 
NOTIC: 
NOTIC: 
INFO: 
INFO: 
INFO: 
INFO: 
INFO: 
INFO: 
INFO: 
INFO: 
INFO: 
INFO: 
INFO: 

[ 2016-09-21T09:07:10+08:00 ] 127.0.0.1 /index.php?g=Admin&m=Index&a=main&menuid=42
NOTIC: 
INFO: 
INFO: 
INFO: 
INFO: 
NOTIC: 
NOTIC: 
NOTIC: 
NOTIC: 
SQL: 
SQL: 
SQL: 
SQL: 
SQL: 
SQL: 
SQL: 
SQL: 
SQL: 
SQL: 
SQL: 
SQL: 
SQL: 
SQL: 
SQL: 
SQL: 
SQL: 
SQL: 
SQL: 
SQL: 
INFO: 
INFO: 
INFO: 
INFO: 
NOTIC: 
NOTIC: 
NOTIC: 
NOTIC: 
NOTIC: 
NOTIC: 
NOTIC: 
NOTIC: 
NOTIC: 
NOTIC: 
NOTIC: 
NOTIC: 
NOTIC: 
NOTIC: 
NOTIC: 
NOTIC: 
NOTIC: 
NOTIC: 
NOTIC: 
NOTIC: 
NOTIC: 
NOTIC: 
NOTIC: 
NOTIC: 
NOTIC: 
NOTIC: 
NOTIC: 
NOTIC: 
NOTIC: 
NOTIC: 
NOTIC: 
NOTIC: 
INFO: 
INFO: 
INFO: 
INFO: 
INFO: 
INFO: 
INFO: 
INFO: 
INFO: 
INFO: 
INFO: 

[ 2016-09-21T09:07:10+08:00 ] ERR: (ThinkException) _MODULE_NOT_EXIST_:favicon.ico
[ 2016-09-21T09:08:18+08:00 ] 127.0.0.1 /
NOTIC: 
INFO: 
INFO: 
INFO: 
INFO: 
NOTIC: 
NOTIC: 
NOTIC: 
NOTIC: 
SQL: 
NOTIC: 
SQL: 
SQL: 
NOTIC: 
NOTIC: 
INFO: 
INFO: 
INFO: 
INFO: 
NOTIC: 
NOTIC: 
NOTIC: 
NOTIC: 
NOTIC: 
NOTIC: 
SQL: 
SQL: 
NOTIC: 
NOTIC: 
NOTIC: 
NOTIC: 
NOTIC: 
NOTIC: 
NOTIC: 
NOTIC: 
NOTIC: 
NOTIC: 
NOTIC: 
NOTIC: 
NOTIC: 
NOTIC: 
NOTIC: 
NOTIC: 
NOTIC: 
NOTIC: 
NOTIC: 
NOTIC: 
NOTIC: 
NOTIC: 
NOTIC: 
NOTIC: 
NOTIC: 
NOTIC: 
NOTIC: 
NOTIC: 
NOTIC: 
INFO: 
INFO: 
INFO: 
INFO: 
INFO: 
INFO: 
INFO: 
INFO: 
INFO: 
INFO: 
INFO: 

[ 2016-09-21T09:08:18+08:00 ] ERR: (ThinkException) 404
[ 2016-09-21T09:08:18+08:00 ] ERR: (ThinkException) 404
[ 2016-09-21T09:08:18+08:00 ] ERR: (ThinkException) 404
[ 2016-09-21T09:08:18+08:00 ] ERR: (ThinkException) 404
[ 2016-09-21T09:08:18+08:00 ] ERR: (ThinkException) 404
[ 2016-09-21T09:08:18+08:00 ] ERR: (ThinkException) 404
[ 2016-09-21T09:08:18+08:00 ] ERR: (ThinkException) 404
[ 2016-09-21T09:08:18+08:00 ] ERR: (ThinkException) 404
[ 2016-09-21T09:08:18+08:00 ] ERR: (ThinkException) 404
[ 2016-09-21T09:08:18+08:00 ] ERR: (ThinkException) 404
[ 2016-09-21T09:08:18+08:00 ] ERR: (ThinkException) 404
[ 2016-09-21T09:08:18+08:00 ] ERR: (ThinkException) 404
[ 2016-09-21T09:08:18+08:00 ] ERR: (ThinkException) 404
[ 2016-09-21T09:08:18+08:00 ] ERR: (ThinkException) 404
[ 2016-09-21T09:08:18+08:00 ] ERR: (ThinkException) 404
[ 2016-09-21T09:08:18+08:00 ] ERR: (ThinkException) 404
[ 2016-09-21T09:08:18+08:00 ] ERR: (ThinkException) 404
[ 2016-09-21T09:08:18+08:00 ] ERR: (ThinkException) _MODULE_NOT_EXIST_:favicon.ico
[ 2016-09-21T09:08:18+08:00 ] ERR: (ThinkException) 404
[ 2016-09-21T09:08:30+08:00 ] ERR: (ThinkException) 404
[ 2016-09-21T09:08:30+08:00 ] ERR: (ThinkException) 404
[ 2016-09-21T09:12:13+08:00 ] 127.0.0.1 /
NOTIC: 
INFO: 
INFO: 
INFO: 
INFO: 
NOTIC: 
NOTIC: 
NOTIC: 
NOTIC: 
SQL: 
NOTIC: 
SQL: 
SQL: 
NOTIC: 
NOTIC: 
INFO: 
INFO: 
INFO: 
INFO: 
NOTIC: 
NOTIC: 
NOTIC: 
NOTIC: 
NOTIC: 
NOTIC: 
SQL: 
SQL: 
NOTIC: 
NOTIC: 
NOTIC: 
NOTIC: 
NOTIC: 
NOTIC: 
NOTIC: 
NOTIC: 
NOTIC: 
NOTIC: 
NOTIC: 
NOTIC: 
NOTIC: 
NOTIC: 
NOTIC: 
NOTIC: 
NOTIC: 
NOTIC: 
NOTIC: 
NOTIC: 
NOTIC: 
NOTIC: 
NOTIC: 
NOTIC: 
NOTIC: 
NOTIC: 
NOTIC: 
NOTIC: 
NOTIC: 
INFO: 
INFO: 
INFO: 
INFO: 
INFO: 
INFO: 
INFO: 
INFO: 
INFO: 
INFO: 
INFO: 

[ 2016-09-21T09:12:13+08:00 ] ERR: (ThinkException) 404
[ 2016-09-21T09:12:13+08:00 ] ERR: (ThinkException) 404
[ 2016-09-21T09:12:13+08:00 ] ERR: (ThinkException) 404
[ 2016-09-21T09:12:13+08:00 ] ERR: (ThinkException) 404
[ 2016-09-21T09:12:13+08:00 ] ERR: (ThinkException) 404
[ 2016-09-21T09:12:13+08:00 ] ERR: (ThinkException) 404
[ 2016-09-21T09:12:13+08:00 ] ERR: (ThinkException) 404
[ 2016-09-21T09:12:13+08:00 ] ERR: (ThinkException) 404
[ 2016-09-21T09:12:13+08:00 ] ERR: (ThinkException) 404
[ 2016-09-21T09:12:13+08:00 ] ERR: (ThinkException) 404
[ 2016-09-21T09:12:14+08:00 ] ERR: (ThinkException) 404
[ 2016-09-21T09:12:14+08:00 ] ERR: (ThinkException) 404
[ 2016-09-21T09:12:14+08:00 ] ERR: (ThinkException) 404
[ 2016-09-21T09:12:14+08:00 ] ERR: (ThinkException) 404
[ 2016-09-21T09:12:14+08:00 ] ERR: (ThinkException) 404
[ 2016-09-21T09:12:14+08:00 ] ERR: (ThinkException) 404
[ 2016-09-21T09:12:14+08:00 ] ERR: (ThinkException) 404
[ 2016-09-21T09:12:14+08:00 ] ERR: (ThinkException) _MODULE_NOT_EXIST_:favicon.ico
[ 2016-09-21T09:12:14+08:00 ] ERR: (ThinkException) 404
[ 2016-09-21T09:12:54+08:00 ] 127.0.0.1 /
NOTIC: 
INFO: 
INFO: 
INFO: 
INFO: 
NOTIC: 
NOTIC: 
NOTIC: 
NOTIC: 
SQL: 
NOTIC: 
SQL: 
SQL: 
NOTIC: 
NOTIC: 
INFO: 
INFO: 
INFO: 
INFO: 
NOTIC: 
NOTIC: 
NOTIC: 
NOTIC: 
NOTIC: 
NOTIC: 
SQL: 
SQL: 
NOTIC: 
NOTIC: 
NOTIC: 
NOTIC: 
NOTIC: 
NOTIC: 
NOTIC: 
NOTIC: 
NOTIC: 
NOTIC: 
NOTIC: 
NOTIC: 
NOTIC: 
NOTIC: 
NOTIC: 
NOTIC: 
NOTIC: 
NOTIC: 
NOTIC: 
NOTIC: 
NOTIC: 
NOTIC: 
NOTIC: 
NOTIC: 
NOTIC: 
NOTIC: 
NOTIC: 
NOTIC: 
NOTIC: 
INFO: 
INFO: 
INFO: 
INFO: 
INFO: 
INFO: 
INFO: 
INFO: 
INFO: 
INFO: 
INFO: 

[ 2016-09-21T09:12:54+08:00 ] ERR: (ThinkException) 404
[ 2016-09-21T09:12:54+08:00 ] ERR: (ThinkException) 404
[ 2016-09-21T09:12:54+08:00 ] ERR: (ThinkException) 404
[ 2016-09-21T09:12:54+08:00 ] ERR: (ThinkException) 404
[ 2016-09-21T09:12:54+08:00 ] ERR: (ThinkException) 404
[ 2016-09-21T09:12:54+08:00 ] ERR: (ThinkException) 404
[ 2016-09-21T09:12:54+08:00 ] ERR: (ThinkException) 404
[ 2016-09-21T09:12:54+08:00 ] ERR: (ThinkException) 404
[ 2016-09-21T09:12:54+08:00 ] ERR: (ThinkException) 404
[ 2016-09-21T09:12:54+08:00 ] ERR: (ThinkException) 404
[ 2016-09-21T09:12:54+08:00 ] ERR: (ThinkException) 404
[ 2016-09-21T09:12:54+08:00 ] ERR: (ThinkException) 404
[ 2016-09-21T09:12:54+08:00 ] ERR: (ThinkException) 404
[ 2016-09-21T09:12:54+08:00 ] ERR: (ThinkException) 404
[ 2016-09-21T09:12:54+08:00 ] ERR: (ThinkException) 404
[ 2016-09-21T09:12:54+08:00 ] ERR: (ThinkException) _MODULE_NOT_EXIST_:favicon.ico
[ 2016-09-21T09:12:54+08:00 ] ERR: (ThinkException) 404
[ 2016-09-21T09:12:59+08:00 ] 127.0.0.1 /
NOTIC: 
INFO: 
INFO: 
INFO: 
INFO: 
NOTIC: 
NOTIC: 
NOTIC: 
NOTIC: 
SQL: 
NOTIC: 
SQL: 
SQL: 
NOTIC: 
NOTIC: 
INFO: 
INFO: 
INFO: 
INFO: 
NOTIC: 
NOTIC: 
NOTIC: 
NOTIC: 
NOTIC: 
NOTIC: 
SQL: 
SQL: 
NOTIC: 
NOTIC: 
NOTIC: 
NOTIC: 
NOTIC: 
NOTIC: 
NOTIC: 
NOTIC: 
NOTIC: 
NOTIC: 
NOTIC: 
NOTIC: 
NOTIC: 
NOTIC: 
NOTIC: 
NOTIC: 
NOTIC: 
NOTIC: 
NOTIC: 
NOTIC: 
NOTIC: 
NOTIC: 
NOTIC: 
NOTIC: 
NOTIC: 
NOTIC: 
NOTIC: 
NOTIC: 
NOTIC: 
INFO: 
INFO: 
INFO: 
INFO: 
INFO: 
INFO: 
INFO: 
INFO: 
INFO: 
INFO: 
INFO: 

[ 2016-09-21T09:12:59+08:00 ] ERR: (ThinkException) 404
[ 2016-09-21T09:12:59+08:00 ] ERR: (ThinkException) 404
[ 2016-09-21T09:12:59+08:00 ] ERR: (ThinkException) 404
[ 2016-09-21T09:12:59+08:00 ] ERR: (ThinkException) 404
[ 2016-09-21T09:12:59+08:00 ] ERR: (ThinkException) 404
[ 2016-09-21T09:12:59+08:00 ] ERR: (ThinkException) 404
[ 2016-09-21T09:12:59+08:00 ] ERR: (ThinkException) 404
[ 2016-09-21T09:12:59+08:00 ] ERR: (ThinkException) 404
[ 2016-09-21T09:12:59+08:00 ] ERR: (ThinkException) 404
[ 2016-09-21T09:12:59+08:00 ] ERR: (ThinkException) 404
[ 2016-09-21T09:12:59+08:00 ] ERR: (ThinkException) 404
[ 2016-09-21T09:12:59+08:00 ] ERR: (ThinkException) 404
[ 2016-09-21T09:12:59+08:00 ] ERR: (ThinkException) 404
[ 2016-09-21T09:12:59+08:00 ] ERR: (ThinkException) 404
[ 2016-09-21T09:12:59+08:00 ] ERR: (ThinkException) 404
[ 2016-09-21T09:12:59+08:00 ] ERR: (ThinkException) _MODULE_NOT_EXIST_:favicon.ico
[ 2016-09-21T09:12:59+08:00 ] ERR: (ThinkException) 404
[ 2016-09-21T09:13:00+08:00 ] 127.0.0.1 /
NOTIC: 
INFO: 
INFO: 
INFO: 
INFO: 
NOTIC: 
NOTIC: 
NOTIC: 
NOTIC: 
SQL: 
NOTIC: 
SQL: 
SQL: 
NOTIC: 
NOTIC: 
INFO: 
INFO: 
INFO: 
INFO: 
NOTIC: 
NOTIC: 
NOTIC: 
NOTIC: 
NOTIC: 
NOTIC: 
SQL: 
SQL: 
NOTIC: 
NOTIC: 
NOTIC: 
NOTIC: 
NOTIC: 
NOTIC: 
NOTIC: 
NOTIC: 
NOTIC: 
NOTIC: 
NOTIC: 
NOTIC: 
NOTIC: 
NOTIC: 
NOTIC: 
NOTIC: 
NOTIC: 
NOTIC: 
NOTIC: 
NOTIC: 
NOTIC: 
NOTIC: 
NOTIC: 
NOTIC: 
NOTIC: 
NOTIC: 
NOTIC: 
NOTIC: 
NOTIC: 
INFO: 
INFO: 
INFO: 
INFO: 
INFO: 
INFO: 
INFO: 
INFO: 
INFO: 
INFO: 
INFO: 

[ 2016-09-21T09:13:00+08:00 ] ERR: (ThinkException) 404
[ 2016-09-21T09:13:00+08:00 ] ERR: (ThinkException) 404
[ 2016-09-21T09:13:00+08:00 ] ERR: (ThinkException) 404
[ 2016-09-21T09:13:00+08:00 ] ERR: (ThinkException) 404
[ 2016-09-21T09:13:00+08:00 ] ERR: (ThinkException) 404
[ 2016-09-21T09:13:00+08:00 ] ERR: (ThinkException) 404
[ 2016-09-21T09:13:00+08:00 ] ERR: (ThinkException) 404
[ 2016-09-21T09:13:00+08:00 ] ERR: (ThinkException) 404
[ 2016-09-21T09:13:00+08:00 ] ERR: (ThinkException) 404
[ 2016-09-21T09:13:00+08:00 ] ERR: (ThinkException) 404
[ 2016-09-21T09:13:00+08:00 ] ERR: (ThinkException) 404
[ 2016-09-21T09:13:00+08:00 ] ERR: (ThinkException) 404
[ 2016-09-21T09:13:00+08:00 ] ERR: (ThinkException) 404
[ 2016-09-21T09:13:00+08:00 ] ERR: (ThinkException) 404
[ 2016-09-21T09:13:00+08:00 ] ERR: (ThinkException) 404
[ 2016-09-21T09:13:01+08:00 ] ERR: (ThinkException) _MODULE_NOT_EXIST_:favicon.ico
[ 2016-09-21T09:13:01+08:00 ] ERR: (ThinkException) 404
[ 2016-09-21T09:13:27+08:00 ] 127.0.0.1 /index.php?g=Admin&m=Template&a=index&menuid=60
NOTIC: 
INFO: 
INFO: 
INFO: 
INFO: 
NOTIC: 
NOTIC: 
NOTIC: 
NOTIC: 
INFO: 
INFO: 
INFO: 
INFO: 
NOTIC: 
NOTIC: 
NOTIC: 
NOTIC: 
NOTIC: 
NOTIC: 
NOTIC: 
NOTIC: 
NOTIC: 
NOTIC: 
NOTIC: 
NOTIC: 
NOTIC: 
NOTIC: 
NOTIC: 
NOTIC: 
NOTIC: 
NOTIC: 
NOTIC: 
NOTIC: 
NOTIC: 
NOTIC: 
NOTIC: 
NOTIC: 
NOTIC: 
NOTIC: 
NOTIC: 
NOTIC: 
NOTIC: 
NOTIC: 
NOTIC: 
NOTIC: 
NOTIC: 
NOTIC: 
NOTIC: 
NOTIC: 
NOTIC: 
NOTIC: 
NOTIC: 
NOTIC: 
NOTIC: 
NOTIC: 
NOTIC: 
NOTIC: 
NOTIC: 
NOTIC: 
NOTIC: 
NOTIC: 
NOTIC: 
NOTIC: 
NOTIC: 
NOTIC: 
NOTIC: 
NOTIC: 
NOTIC: 
NOTIC: 
NOTIC: 
NOTIC: 
NOTIC: 
NOTIC: 
NOTIC: 
NOTIC: 
NOTIC: 
NOTIC: 
NOTIC: 
NOTIC: 
NOTIC: 
NOTIC: 
NOTIC: 
NOTIC: 
NOTIC: 
NOTIC: 
NOTIC: 
NOTIC: 
NOTIC: 
NOTIC: 
NOTIC: 
NOTIC: 
NOTIC: 
NOTIC: 
NOTIC: 
NOTIC: 
NOTIC: 
NOTIC: 
NOTIC: 
NOTIC: 
NOTIC: 
NOTIC: 
NOTIC: 
NOTIC: 
NOTIC: 
NOTIC: 
NOTIC: 
NOTIC: 
NOTIC: 
NOTIC: 
NOTIC: 
NOTIC: 
NOTIC: 
NOTIC: 
NOTIC: 
NOTIC: 
NOTIC: 
NOTIC: 
NOTIC: 
NOTIC: 
NOTIC: 
NOTIC: 
NOTIC: 
NOTIC: 
NOTIC: 
INFO: 
INFO: 
INFO: 
INFO: 
INFO: 
INFO: 
INFO: 
INFO: 
INFO: 
INFO: 
INFO: 

[ 2016-09-21T09:13:29+08:00 ] 127.0.0.1 /
NOTIC: 
INFO: 
INFO: 
INFO: 
INFO: 
NOTIC: 
NOTIC: 
NOTIC: 
NOTIC: 
SQL: 
NOTIC: 
SQL: 
SQL: 
NOTIC: 
NOTIC: 
INFO: 
INFO: 
INFO: 
INFO: 
NOTIC: 
NOTIC: 
NOTIC: 
NOTIC: 
NOTIC: 
NOTIC: 
SQL: 
SQL: 
NOTIC: 
NOTIC: 
NOTIC: 
NOTIC: 
NOTIC: 
NOTIC: 
NOTIC: 
NOTIC: 
NOTIC: 
NOTIC: 
NOTIC: 
NOTIC: 
NOTIC: 
NOTIC: 
NOTIC: 
NOTIC: 
NOTIC: 
NOTIC: 
NOTIC: 
NOTIC: 
NOTIC: 
NOTIC: 
NOTIC: 
NOTIC: 
NOTIC: 
NOTIC: 
NOTIC: 
NOTIC: 
NOTIC: 
INFO: 
INFO: 
INFO: 
INFO: 
INFO: 
INFO: 
INFO: 
INFO: 
INFO: 
INFO: 
INFO: 

[ 2016-09-21T09:13:29+08:00 ] ERR: (ThinkException) 404
[ 2016-09-21T09:13:29+08:00 ] ERR: (ThinkException) 404
[ 2016-09-21T09:13:29+08:00 ] ERR: (ThinkException) 404
[ 2016-09-21T09:13:29+08:00 ] ERR: (ThinkException) 404
[ 2016-09-21T09:13:29+08:00 ] ERR: (ThinkException) 404
[ 2016-09-21T09:13:29+08:00 ] ERR: (ThinkException) 404
[ 2016-09-21T09:13:29+08:00 ] ERR: (ThinkException) 404
[ 2016-09-21T09:13:29+08:00 ] ERR: (ThinkException) 404
[ 2016-09-21T09:13:29+08:00 ] ERR: (ThinkException) 404
[ 2016-09-21T09:13:29+08:00 ] ERR: (ThinkException) 404
[ 2016-09-21T09:13:29+08:00 ] ERR: (ThinkException) 404
[ 2016-09-21T09:13:29+08:00 ] ERR: (ThinkException) 404
[ 2016-09-21T09:13:29+08:00 ] ERR: (ThinkException) 404
[ 2016-09-21T09:13:29+08:00 ] ERR: (ThinkException) 404
[ 2016-09-21T09:13:29+08:00 ] ERR: (ThinkException) 404
[ 2016-09-21T09:13:29+08:00 ] ERR: (ThinkException) 404
[ 2016-09-21T09:13:29+08:00 ] ERR: (ThinkException) _MODULE_NOT_EXIST_:favicon.ico
[ 2016-09-21T09:13:29+08:00 ] ERR: (ThinkException) 404
[ 2016-09-21T09:36:52+08:00 ] 127.0.0.1 /
NOTIC: 
INFO: 
INFO: 
INFO: 
INFO: 
NOTIC: 
NOTIC: 
NOTIC: 
NOTIC: 
SQL: 
NOTIC: 
SQL: 
SQL: 
NOTIC: 
NOTIC: 
INFO: 
INFO: 
INFO: 
INFO: 
NOTIC: 
NOTIC: 
NOTIC: 
NOTIC: 
NOTIC: 
NOTIC: 
SQL: 
SQL: 
NOTIC: 
NOTIC: 
NOTIC: 
NOTIC: 
NOTIC: 
NOTIC: 
NOTIC: 
NOTIC: 
NOTIC: 
NOTIC: 
NOTIC: 
NOTIC: 
NOTIC: 
NOTIC: 
NOTIC: 
NOTIC: 
NOTIC: 
NOTIC: 
NOTIC: 
NOTIC: 
NOTIC: 
NOTIC: 
NOTIC: 
NOTIC: 
NOTIC: 
NOTIC: 
NOTIC: 
NOTIC: 
NOTIC: 
INFO: 
INFO: 
INFO: 
INFO: 
INFO: 
INFO: 
INFO: 
INFO: 
INFO: 
INFO: 
INFO: 

[ 2016-09-21T09:36:52+08:00 ] ERR: (ThinkException) 404
[ 2016-09-21T09:36:52+08:00 ] ERR: (ThinkException) 404
[ 2016-09-21T09:36:52+08:00 ] ERR: (ThinkException) 404
[ 2016-09-21T09:36:52+08:00 ] ERR: (ThinkException) 404
[ 2016-09-21T09:36:52+08:00 ] ERR: (ThinkException) 404
[ 2016-09-21T09:36:52+08:00 ] ERR: (ThinkException) 404
[ 2016-09-21T09:36:52+08:00 ] ERR: (ThinkException) 404
[ 2016-09-21T09:36:52+08:00 ] ERR: (ThinkException) 404
[ 2016-09-21T09:36:52+08:00 ] ERR: (ThinkException) 404
[ 2016-09-21T09:36:52+08:00 ] ERR: (ThinkException) 404
[ 2016-09-21T09:36:52+08:00 ] ERR: (ThinkException) 404
[ 2016-09-21T09:36:52+08:00 ] ERR: (ThinkException) 404
[ 2016-09-21T09:36:52+08:00 ] ERR: (ThinkException) 404
[ 2016-09-21T09:36:52+08:00 ] ERR: (ThinkException) 404
[ 2016-09-21T09:36:52+08:00 ] ERR: (ThinkException) 404
[ 2016-09-21T09:36:52+08:00 ] ERR: (ThinkException) _MODULE_NOT_EXIST_:favicon.ico
[ 2016-09-21T09:36:52+08:00 ] ERR: (ThinkException) 404
[ 2016-09-21T09:37:15+08:00 ] 127.0.0.1 /
NOTIC: 
INFO: 
INFO: 
INFO: 
INFO: 
NOTIC: 
NOTIC: 
NOTIC: 
NOTIC: 
SQL: 
NOTIC: 
SQL: 
SQL: 
NOTIC: 
NOTIC: 
INFO: 
INFO: 
INFO: 
INFO: 
NOTIC: 
NOTIC: 
NOTIC: 
NOTIC: 
NOTIC: 
NOTIC: 
SQL: 
SQL: 
NOTIC: 
NOTIC: 
NOTIC: 
NOTIC: 
NOTIC: 
NOTIC: 
NOTIC: 
NOTIC: 
NOTIC: 
NOTIC: 
NOTIC: 
NOTIC: 
NOTIC: 
NOTIC: 
NOTIC: 
NOTIC: 
NOTIC: 
NOTIC: 
NOTIC: 
NOTIC: 
NOTIC: 
NOTIC: 
NOTIC: 
NOTIC: 
NOTIC: 
NOTIC: 
NOTIC: 
NOTIC: 
NOTIC: 
INFO: 
INFO: 
INFO: 
INFO: 
INFO: 
INFO: 
INFO: 
INFO: 
INFO: 
INFO: 
INFO: 

[ 2016-09-21T09:37:16+08:00 ] ERR: (ThinkException) 404
[ 2016-09-21T09:37:16+08:00 ] ERR: (ThinkException) 404
[ 2016-09-21T09:37:16+08:00 ] ERR: (ThinkException) 404
[ 2016-09-21T09:37:16+08:00 ] ERR: (ThinkException) 404
[ 2016-09-21T09:37:16+08:00 ] ERR: (ThinkException) 404
[ 2016-09-21T09:37:16+08:00 ] ERR: (ThinkException) 404
[ 2016-09-21T09:37:16+08:00 ] ERR: (ThinkException) 404
[ 2016-09-21T09:37:16+08:00 ] ERR: (ThinkException) 404
[ 2016-09-21T09:37:16+08:00 ] ERR: (ThinkException) 404
[ 2016-09-21T09:37:16+08:00 ] ERR: (ThinkException) 404
[ 2016-09-21T09:37:16+08:00 ] ERR: (ThinkException) 404
[ 2016-09-21T09:37:16+08:00 ] ERR: (ThinkException) 404
[ 2016-09-21T09:37:16+08:00 ] ERR: (ThinkException) 404
[ 2016-09-21T09:37:16+08:00 ] ERR: (ThinkException) 404
[ 2016-09-21T09:37:16+08:00 ] ERR: (ThinkException) 404
[ 2016-09-21T09:37:16+08:00 ] ERR: (ThinkException) _MODULE_NOT_EXIST_:favicon.ico
[ 2016-09-21T09:37:16+08:00 ] ERR: (ThinkException) 404
[ 2016-09-21T09:37:27+08:00 ] 127.0.0.1 /
NOTIC: 
INFO: 
INFO: 
INFO: 
INFO: 
NOTIC: 
NOTIC: 
NOTIC: 
NOTIC: 
SQL: 
NOTIC: 
SQL: 
SQL: 
NOTIC: 
NOTIC: 
INFO: 
INFO: 
INFO: 
INFO: 
NOTIC: 
NOTIC: 
NOTIC: 
NOTIC: 
NOTIC: 
NOTIC: 
SQL: 
SQL: 
NOTIC: 
NOTIC: 
NOTIC: 
NOTIC: 
NOTIC: 
NOTIC: 
NOTIC: 
NOTIC: 
NOTIC: 
NOTIC: 
NOTIC: 
NOTIC: 
NOTIC: 
NOTIC: 
NOTIC: 
NOTIC: 
NOTIC: 
NOTIC: 
NOTIC: 
NOTIC: 
NOTIC: 
NOTIC: 
NOTIC: 
NOTIC: 
NOTIC: 
NOTIC: 
NOTIC: 
NOTIC: 
NOTIC: 
INFO: 
INFO: 
INFO: 
INFO: 
INFO: 
INFO: 
INFO: 
INFO: 
INFO: 
INFO: 
INFO: 

[ 2016-09-21T09:37:27+08:00 ] ERR: (ThinkException) 404
[ 2016-09-21T09:37:27+08:00 ] ERR: (ThinkException) 404
[ 2016-09-21T09:37:27+08:00 ] ERR: (ThinkException) 404
[ 2016-09-21T09:37:27+08:00 ] ERR: (ThinkException) 404
[ 2016-09-21T09:37:27+08:00 ] ERR: (ThinkException) 404
[ 2016-09-21T09:37:27+08:00 ] ERR: (ThinkException) 404
[ 2016-09-21T09:37:27+08:00 ] ERR: (ThinkException) 404
[ 2016-09-21T09:37:28+08:00 ] ERR: (ThinkException) 404
[ 2016-09-21T09:37:28+08:00 ] ERR: (ThinkException) 404
[ 2016-09-21T09:37:28+08:00 ] ERR: (ThinkException) 404
[ 2016-09-21T09:37:28+08:00 ] ERR: (ThinkException) 404
[ 2016-09-21T09:37:28+08:00 ] ERR: (ThinkException) 404
[ 2016-09-21T09:37:28+08:00 ] ERR: (ThinkException) 404
[ 2016-09-21T09:37:28+08:00 ] ERR: (ThinkException) 404
[ 2016-09-21T09:37:28+08:00 ] ERR: (ThinkException) 404
[ 2016-09-21T09:37:28+08:00 ] ERR: (ThinkException) 404
[ 2016-09-21T09:37:28+08:00 ] ERR: (ThinkException) _MODULE_NOT_EXIST_:favicon.ico
[ 2016-09-21T09:37:28+08:00 ] ERR: (ThinkException) 404
[ 2016-09-21T09:40:46+08:00 ] 127.0.0.1 /
NOTIC: 
INFO: 
INFO: 
INFO: 
INFO: 
NOTIC: 
NOTIC: 
NOTIC: 
NOTIC: 
SQL: 
NOTIC: 
SQL: 
SQL: 
NOTIC: 
NOTIC: 
INFO: 
INFO: 
INFO: 
INFO: 
NOTIC: 
NOTIC: 
NOTIC: 
NOTIC: 
NOTIC: 
NOTIC: 
SQL: 
SQL: 
NOTIC: 
NOTIC: 
NOTIC: 
NOTIC: 
NOTIC: 
NOTIC: 
NOTIC: 
NOTIC: 
NOTIC: 
NOTIC: 
NOTIC: 
NOTIC: 
NOTIC: 
NOTIC: 
NOTIC: 
NOTIC: 
NOTIC: 
NOTIC: 
NOTIC: 
NOTIC: 
NOTIC: 
NOTIC: 
NOTIC: 
NOTIC: 
NOTIC: 
NOTIC: 
NOTIC: 
NOTIC: 
NOTIC: 
INFO: 
INFO: 
INFO: 
INFO: 
INFO: 
INFO: 
INFO: 
INFO: 
INFO: 
INFO: 
INFO: 

[ 2016-09-21T09:40:46+08:00 ] ERR: (ThinkException) 404
[ 2016-09-21T09:40:47+08:00 ] ERR: (ThinkException) 404
[ 2016-09-21T09:40:47+08:00 ] ERR: (ThinkException) 404
[ 2016-09-21T09:40:47+08:00 ] ERR: (ThinkException) 404
[ 2016-09-21T09:40:47+08:00 ] ERR: (ThinkException) 404
[ 2016-09-21T09:40:47+08:00 ] ERR: (ThinkException) 404
[ 2016-09-21T09:40:47+08:00 ] ERR: (ThinkException) 404
[ 2016-09-21T09:40:47+08:00 ] ERR: (ThinkException) 404
[ 2016-09-21T09:40:47+08:00 ] ERR: (ThinkException) 404
[ 2016-09-21T09:40:47+08:00 ] ERR: (ThinkException) 404
[ 2016-09-21T09:40:47+08:00 ] ERR: (ThinkException) 404
[ 2016-09-21T09:40:47+08:00 ] ERR: (ThinkException) 404
[ 2016-09-21T09:40:47+08:00 ] ERR: (ThinkException) 404
[ 2016-09-21T09:40:47+08:00 ] ERR: (ThinkException) 404
[ 2016-09-21T09:40:47+08:00 ] ERR: (ThinkException) _MODULE_NOT_EXIST_:favicon.ico
[ 2016-09-21T09:40:47+08:00 ] ERR: (ThinkException) 404
[ 2016-09-21T09:40:48+08:00 ] 127.0.0.1 /
NOTIC: 
INFO: 
INFO: 
INFO: 
INFO: 
NOTIC: 
NOTIC: 
NOTIC: 
NOTIC: 
SQL: 
NOTIC: 
SQL: 
SQL: 
NOTIC: 
NOTIC: 
INFO: 
INFO: 
INFO: 
INFO: 
NOTIC: 
NOTIC: 
NOTIC: 
NOTIC: 
NOTIC: 
NOTIC: 
SQL: 
SQL: 
NOTIC: 
NOTIC: 
NOTIC: 
NOTIC: 
NOTIC: 
NOTIC: 
NOTIC: 
NOTIC: 
NOTIC: 
NOTIC: 
NOTIC: 
NOTIC: 
NOTIC: 
NOTIC: 
NOTIC: 
NOTIC: 
NOTIC: 
NOTIC: 
NOTIC: 
NOTIC: 
NOTIC: 
NOTIC: 
NOTIC: 
NOTIC: 
NOTIC: 
NOTIC: 
NOTIC: 
NOTIC: 
NOTIC: 
INFO: 
INFO: 
INFO: 
INFO: 
INFO: 
INFO: 
INFO: 
INFO: 
INFO: 
INFO: 
INFO: 

[ 2016-09-21T09:40:48+08:00 ] ERR: (ThinkException) 404
[ 2016-09-21T09:40:48+08:00 ] ERR: (ThinkException) 404
[ 2016-09-21T09:40:48+08:00 ] ERR: (ThinkException) 404
[ 2016-09-21T09:40:48+08:00 ] ERR: (ThinkException) 404
[ 2016-09-21T09:40:48+08:00 ] ERR: (ThinkException) 404
[ 2016-09-21T09:40:48+08:00 ] ERR: (ThinkException) 404
[ 2016-09-21T09:40:48+08:00 ] ERR: (ThinkException) 404
[ 2016-09-21T09:40:48+08:00 ] ERR: (ThinkException) 404
[ 2016-09-21T09:40:48+08:00 ] ERR: (ThinkException) 404
[ 2016-09-21T09:40:48+08:00 ] ERR: (ThinkException) 404
[ 2016-09-21T09:40:48+08:00 ] ERR: (ThinkException) 404
[ 2016-09-21T09:40:48+08:00 ] ERR: (ThinkException) 404
[ 2016-09-21T09:40:48+08:00 ] ERR: (ThinkException) 404
[ 2016-09-21T09:40:48+08:00 ] ERR: (ThinkException) 404
[ 2016-09-21T09:40:48+08:00 ] ERR: (ThinkException) _MODULE_NOT_EXIST_:favicon.ico
[ 2016-09-21T09:40:48+08:00 ] ERR: (ThinkException) 404
[ 2016-09-21T09:41:49+08:00 ] 127.0.0.1 /
NOTIC: 
INFO: 
INFO: 
INFO: 
INFO: 
NOTIC: 
NOTIC: 
NOTIC: 
NOTIC: 
SQL: 
NOTIC: 
SQL: 
SQL: 
NOTIC: 
NOTIC: 
INFO: 
INFO: 
INFO: 
INFO: 
NOTIC: 
NOTIC: 
NOTIC: 
NOTIC: 
NOTIC: 
NOTIC: 
SQL: 
SQL: 
NOTIC: 
NOTIC: 
NOTIC: 
NOTIC: 
NOTIC: 
NOTIC: 
NOTIC: 
NOTIC: 
NOTIC: 
NOTIC: 
NOTIC: 
NOTIC: 
NOTIC: 
NOTIC: 
NOTIC: 
NOTIC: 
NOTIC: 
NOTIC: 
NOTIC: 
NOTIC: 
NOTIC: 
NOTIC: 
NOTIC: 
NOTIC: 
NOTIC: 
NOTIC: 
NOTIC: 
NOTIC: 
NOTIC: 
INFO: 
INFO: 
INFO: 
INFO: 
INFO: 
INFO: 
INFO: 
INFO: 
INFO: 
INFO: 
INFO: 

[ 2016-09-21T09:41:49+08:00 ] ERR: (ThinkException) 404
[ 2016-09-21T09:41:49+08:00 ] ERR: (ThinkException) 404
[ 2016-09-21T09:41:49+08:00 ] ERR: (ThinkException) 404
[ 2016-09-21T09:41:49+08:00 ] ERR: (ThinkException) 404
[ 2016-09-21T09:41:49+08:00 ] ERR: (ThinkException) 404
[ 2016-09-21T09:41:49+08:00 ] ERR: (ThinkException) 404
[ 2016-09-21T09:41:49+08:00 ] ERR: (ThinkException) 404
[ 2016-09-21T09:41:49+08:00 ] ERR: (ThinkException) 404
[ 2016-09-21T09:41:49+08:00 ] ERR: (ThinkException) 404
[ 2016-09-21T09:41:49+08:00 ] ERR: (ThinkException) 404
[ 2016-09-21T09:41:49+08:00 ] ERR: (ThinkException) 404
[ 2016-09-21T09:41:49+08:00 ] ERR: (ThinkException) 404
[ 2016-09-21T09:41:49+08:00 ] ERR: (ThinkException) 404
[ 2016-09-21T09:41:49+08:00 ] ERR: (ThinkException) 404
[ 2016-09-21T09:41:49+08:00 ] ERR: (ThinkException) _MODULE_NOT_EXIST_:favicon.ico
[ 2016-09-21T09:41:49+08:00 ] ERR: (ThinkException) 404
[ 2016-09-21T09:42:50+08:00 ] 127.0.0.1 /
NOTIC: 
INFO: 
INFO: 
INFO: 
INFO: 
NOTIC: 
NOTIC: 
NOTIC: 
NOTIC: 
SQL: 
NOTIC: 
SQL: 
SQL: 
NOTIC: 
NOTIC: 
INFO: 
INFO: 
INFO: 
INFO: 
NOTIC: 
NOTIC: 
NOTIC: 
NOTIC: 
NOTIC: 
NOTIC: 
SQL: 
SQL: 
NOTIC: 
NOTIC: 
NOTIC: 
NOTIC: 
NOTIC: 
NOTIC: 
NOTIC: 
NOTIC: 
NOTIC: 
NOTIC: 
NOTIC: 
NOTIC: 
NOTIC: 
NOTIC: 
NOTIC: 
NOTIC: 
NOTIC: 
NOTIC: 
NOTIC: 
NOTIC: 
NOTIC: 
NOTIC: 
NOTIC: 
NOTIC: 
NOTIC: 
NOTIC: 
NOTIC: 
NOTIC: 
NOTIC: 
INFO: 
INFO: 
INFO: 
INFO: 
INFO: 
INFO: 
INFO: 
INFO: 
INFO: 
INFO: 
INFO: 

[ 2016-09-21T09:42:51+08:00 ] ERR: (ThinkException) 404
[ 2016-09-21T09:42:51+08:00 ] ERR: (ThinkException) 404
[ 2016-09-21T09:42:51+08:00 ] ERR: (ThinkException) 404
[ 2016-09-21T09:42:51+08:00 ] ERR: (ThinkException) 404
[ 2016-09-21T09:42:51+08:00 ] ERR: (ThinkException) 404
[ 2016-09-21T09:42:51+08:00 ] ERR: (ThinkException) _MODULE_NOT_EXIST_:favicon.ico
[ 2016-09-21T09:42:51+08:00 ] ERR: (ThinkException) 404
[ 2016-09-21T09:44:37+08:00 ] 127.0.0.1 /
NOTIC: 
INFO: 
INFO: 
INFO: 
INFO: 
NOTIC: 
NOTIC: 
NOTIC: 
NOTIC: 
SQL: 
NOTIC: 
SQL: 
SQL: 
NOTIC: 
NOTIC: 
INFO: 
INFO: 
INFO: 
INFO: 
NOTIC: 
NOTIC: 
NOTIC: 
NOTIC: 
NOTIC: 
NOTIC: 
SQL: 
SQL: 
NOTIC: 
NOTIC: 
NOTIC: 
NOTIC: 
NOTIC: 
NOTIC: 
NOTIC: 
NOTIC: 
NOTIC: 
NOTIC: 
NOTIC: 
NOTIC: 
NOTIC: 
NOTIC: 
NOTIC: 
NOTIC: 
NOTIC: 
NOTIC: 
NOTIC: 
NOTIC: 
NOTIC: 
NOTIC: 
NOTIC: 
NOTIC: 
NOTIC: 
NOTIC: 
NOTIC: 
NOTIC: 
NOTIC: 
INFO: 
INFO: 
INFO: 
INFO: 
INFO: 
INFO: 
INFO: 
INFO: 
INFO: 
INFO: 
INFO: 

[ 2016-09-21T09:44:37+08:00 ] ERR: (ThinkException) 404
[ 2016-09-21T09:44:37+08:00 ] ERR: (ThinkException) 404
[ 2016-09-21T09:44:37+08:00 ] ERR: (ThinkException) 404
[ 2016-09-21T09:44:37+08:00 ] ERR: (ThinkException) 404
[ 2016-09-21T09:44:37+08:00 ] ERR: (ThinkException) 404
[ 2016-09-21T09:44:37+08:00 ] ERR: (ThinkException) 404
[ 2016-09-21T09:44:37+08:00 ] ERR: (ThinkException) 404
[ 2016-09-21T09:44:37+08:00 ] ERR: (ThinkException) _MODULE_NOT_EXIST_:favicon.ico
[ 2016-09-21T09:44:37+08:00 ] ERR: (ThinkException) 404
[ 2016-09-21T09:45:51+08:00 ] 127.0.0.1 /
NOTIC: 
INFO: 
INFO: 
INFO: 
INFO: 
NOTIC: 
NOTIC: 
NOTIC: 
NOTIC: 
SQL: 
NOTIC: 
SQL: 
SQL: 
NOTIC: 
NOTIC: 
INFO: 
INFO: 
INFO: 
INFO: 
NOTIC: 
NOTIC: 
NOTIC: 
NOTIC: 
NOTIC: 
NOTIC: 
SQL: 
SQL: 
NOTIC: 
NOTIC: 
NOTIC: 
NOTIC: 
NOTIC: 
NOTIC: 
NOTIC: 
NOTIC: 
NOTIC: 
NOTIC: 
NOTIC: 
NOTIC: 
NOTIC: 
NOTIC: 
NOTIC: 
NOTIC: 
NOTIC: 
NOTIC: 
NOTIC: 
NOTIC: 
NOTIC: 
NOTIC: 
NOTIC: 
NOTIC: 
NOTIC: 
NOTIC: 
NOTIC: 
NOTIC: 
NOTIC: 
INFO: 
INFO: 
INFO: 
INFO: 
INFO: 
INFO: 
INFO: 
INFO: 
INFO: 
INFO: 
INFO: 

[ 2016-09-21T09:45:51+08:00 ] ERR: (ThinkException) 404
[ 2016-09-21T09:45:51+08:00 ] ERR: (ThinkException) 404
[ 2016-09-21T09:45:51+08:00 ] ERR: (ThinkException) 404
[ 2016-09-21T09:45:52+08:00 ] ERR: (ThinkException) _MODULE_NOT_EXIST_:favicon.ico
[ 2016-09-21T09:45:52+08:00 ] ERR: (ThinkException) 404
[ 2016-09-21T09:45:54+08:00 ] 127.0.0.1 /
NOTIC: 
INFO: 
INFO: 
INFO: 
INFO: 
NOTIC: 
NOTIC: 
NOTIC: 
NOTIC: 
SQL: 
NOTIC: 
SQL: 
SQL: 
NOTIC: 
NOTIC: 
INFO: 
INFO: 
INFO: 
INFO: 
NOTIC: 
NOTIC: 
NOTIC: 
NOTIC: 
NOTIC: 
NOTIC: 
SQL: 
SQL: 
NOTIC: 
NOTIC: 
NOTIC: 
NOTIC: 
NOTIC: 
NOTIC: 
NOTIC: 
NOTIC: 
NOTIC: 
NOTIC: 
NOTIC: 
NOTIC: 
NOTIC: 
NOTIC: 
NOTIC: 
NOTIC: 
NOTIC: 
NOTIC: 
NOTIC: 
NOTIC: 
NOTIC: 
NOTIC: 
NOTIC: 
NOTIC: 
NOTIC: 
NOTIC: 
NOTIC: 
NOTIC: 
NOTIC: 
INFO: 
INFO: 
INFO: 
INFO: 
INFO: 
INFO: 
INFO: 
INFO: 
INFO: 
INFO: 
INFO: 

[ 2016-09-21T09:45:54+08:00 ] ERR: (ThinkException) 404
[ 2016-09-21T09:45:54+08:00 ] ERR: (ThinkException) 404
[ 2016-09-21T09:45:54+08:00 ] ERR: (ThinkException) 404
[ 2016-09-21T09:45:54+08:00 ] ERR: (ThinkException) _MODULE_NOT_EXIST_:favicon.ico
[ 2016-09-21T09:45:54+08:00 ] ERR: (ThinkException) 404
[ 2016-09-21T09:50:02+08:00 ] 127.0.0.1 /
NOTIC: 
INFO: 
INFO: 
INFO: 
INFO: 
NOTIC: 
NOTIC: 
NOTIC: 
NOTIC: 
SQL: 
NOTIC: 
SQL: 
SQL: 
NOTIC: 
NOTIC: 
INFO: 
INFO: 
INFO: 
INFO: 
NOTIC: 
NOTIC: 
NOTIC: 
NOTIC: 
NOTIC: 
NOTIC: 
SQL: 
SQL: 
NOTIC: 
NOTIC: 
NOTIC: 
NOTIC: 
NOTIC: 
NOTIC: 
NOTIC: 
NOTIC: 
NOTIC: 
NOTIC: 
NOTIC: 
NOTIC: 
NOTIC: 
NOTIC: 
NOTIC: 
NOTIC: 
NOTIC: 
NOTIC: 
NOTIC: 
NOTIC: 
NOTIC: 
NOTIC: 
NOTIC: 
NOTIC: 
NOTIC: 
NOTIC: 
NOTIC: 
NOTIC: 
NOTIC: 
INFO: 
INFO: 
INFO: 
INFO: 
INFO: 
INFO: 
INFO: 
INFO: 
INFO: 
INFO: 
INFO: 

[ 2016-09-21T09:50:02+08:00 ] ERR: (ThinkException) _MODULE_NOT_EXIST_:favicon.ico
[ 2016-09-21T09:50:02+08:00 ] ERR: (ThinkException) 404
[ 2016-09-21T09:50:04+08:00 ] 127.0.0.1 /
NOTIC: 
INFO: 
INFO: 
INFO: 
INFO: 
NOTIC: 
NOTIC: 
NOTIC: 
NOTIC: 
SQL: 
NOTIC: 
SQL: 
SQL: 
NOTIC: 
NOTIC: 
INFO: 
INFO: 
INFO: 
INFO: 
NOTIC: 
NOTIC: 
NOTIC: 
NOTIC: 
NOTIC: 
NOTIC: 
SQL: 
SQL: 
NOTIC: 
NOTIC: 
NOTIC: 
NOTIC: 
NOTIC: 
NOTIC: 
NOTIC: 
NOTIC: 
NOTIC: 
NOTIC: 
NOTIC: 
NOTIC: 
NOTIC: 
NOTIC: 
NOTIC: 
NOTIC: 
NOTIC: 
NOTIC: 
NOTIC: 
NOTIC: 
NOTIC: 
NOTIC: 
NOTIC: 
NOTIC: 
NOTIC: 
NOTIC: 
NOTIC: 
NOTIC: 
NOTIC: 
INFO: 
INFO: 
INFO: 
INFO: 
INFO: 
INFO: 
INFO: 
INFO: 
INFO: 
INFO: 
INFO: 

[ 2016-09-21T09:50:04+08:00 ] ERR: (ThinkException) _MODULE_NOT_EXIST_:favicon.ico
[ 2016-09-21T09:50:04+08:00 ] ERR: (ThinkException) 404
[ 2016-09-21T09:51:32+08:00 ] 127.0.0.1 /
NOTIC: 
INFO: 
INFO: 
INFO: 
INFO: 
NOTIC: 
NOTIC: 
NOTIC: 
NOTIC: 
SQL: 
NOTIC: 
SQL: 
SQL: 
NOTIC: 
NOTIC: 
INFO: 
INFO: 
INFO: 
INFO: 
NOTIC: 
NOTIC: 
NOTIC: 
NOTIC: 
NOTIC: 
NOTIC: 
SQL: 
SQL: 
NOTIC: 
NOTIC: 
NOTIC: 
NOTIC: 
NOTIC: 
NOTIC: 
NOTIC: 
NOTIC: 
NOTIC: 
NOTIC: 
NOTIC: 
NOTIC: 
NOTIC: 
NOTIC: 
NOTIC: 
NOTIC: 
NOTIC: 
NOTIC: 
NOTIC: 
NOTIC: 
NOTIC: 
NOTIC: 
NOTIC: 
NOTIC: 
NOTIC: 
NOTIC: 
NOTIC: 
NOTIC: 
NOTIC: 
INFO: 
INFO: 
INFO: 
INFO: 
INFO: 
INFO: 
INFO: 
INFO: 
INFO: 
INFO: 
INFO: 

[ 2016-09-21T09:51:32+08:00 ] ERR: (ThinkException) _MODULE_NOT_EXIST_:favicon.ico
[ 2016-09-21T09:51:32+08:00 ] ERR: (ThinkException) 404
[ 2016-09-21T09:51:36+08:00 ] 127.0.0.1 /
NOTIC: 
INFO: 
INFO: 
INFO: 
INFO: 
NOTIC: 
NOTIC: 
NOTIC: 
NOTIC: 
SQL: 
NOTIC: 
SQL: 
SQL: 
NOTIC: 
NOTIC: 
INFO: 
INFO: 
INFO: 
INFO: 
NOTIC: 
NOTIC: 
NOTIC: 
NOTIC: 
NOTIC: 
NOTIC: 
SQL: 
SQL: 
NOTIC: 
NOTIC: 
NOTIC: 
NOTIC: 
NOTIC: 
NOTIC: 
NOTIC: 
NOTIC: 
NOTIC: 
NOTIC: 
NOTIC: 
NOTIC: 
NOTIC: 
NOTIC: 
NOTIC: 
NOTIC: 
NOTIC: 
NOTIC: 
NOTIC: 
NOTIC: 
NOTIC: 
NOTIC: 
NOTIC: 
NOTIC: 
NOTIC: 
NOTIC: 
NOTIC: 
NOTIC: 
NOTIC: 
INFO: 
INFO: 
INFO: 
INFO: 
INFO: 
INFO: 
INFO: 
INFO: 
INFO: 
INFO: 
INFO: 

[ 2016-09-21T09:51:36+08:00 ] ERR: (ThinkException) _MODULE_NOT_EXIST_:favicon.ico
[ 2016-09-21T09:51:36+08:00 ] ERR: (ThinkException) 404
[ 2016-09-21T09:52:12+08:00 ] 127.0.0.1 /index.php?g=Admin&m=Template&a=index&menuid=60
NOTIC: 
INFO: 
INFO: 
INFO: 
INFO: 
NOTIC: 
NOTIC: 
NOTIC: 
NOTIC: 
INFO: 
INFO: 
INFO: 
INFO: 
NOTIC: 
NOTIC: 
NOTIC: 
NOTIC: 
NOTIC: 
NOTIC: 
NOTIC: 
NOTIC: 
NOTIC: 
NOTIC: 
NOTIC: 
NOTIC: 
NOTIC: 
NOTIC: 
NOTIC: 
NOTIC: 
NOTIC: 
NOTIC: 
NOTIC: 
NOTIC: 
NOTIC: 
NOTIC: 
NOTIC: 
NOTIC: 
NOTIC: 
NOTIC: 
NOTIC: 
NOTIC: 
NOTIC: 
NOTIC: 
NOTIC: 
NOTIC: 
NOTIC: 
NOTIC: 
NOTIC: 
NOTIC: 
NOTIC: 
NOTIC: 
NOTIC: 
NOTIC: 
NOTIC: 
NOTIC: 
NOTIC: 
NOTIC: 
NOTIC: 
NOTIC: 
NOTIC: 
NOTIC: 
NOTIC: 
NOTIC: 
NOTIC: 
NOTIC: 
NOTIC: 
NOTIC: 
NOTIC: 
NOTIC: 
NOTIC: 
NOTIC: 
NOTIC: 
NOTIC: 
NOTIC: 
NOTIC: 
NOTIC: 
NOTIC: 
NOTIC: 
NOTIC: 
NOTIC: 
NOTIC: 
NOTIC: 
NOTIC: 
NOTIC: 
NOTIC: 
NOTIC: 
NOTIC: 
NOTIC: 
NOTIC: 
NOTIC: 
NOTIC: 
NOTIC: 
NOTIC: 
NOTIC: 
NOTIC: 
NOTIC: 
NOTIC: 
NOTIC: 
NOTIC: 
NOTIC: 
NOTIC: 
NOTIC: 
NOTIC: 
NOTIC: 
NOTIC: 
NOTIC: 
NOTIC: 
NOTIC: 
NOTIC: 
NOTIC: 
NOTIC: 
NOTIC: 
NOTIC: 
NOTIC: 
NOTIC: 
NOTIC: 
NOTIC: 
NOTIC: 
NOTIC: 
NOTIC: 
NOTIC: 
NOTIC: 
NOTIC: 
NOTIC: 
INFO: 
INFO: 
INFO: 
INFO: 
INFO: 
INFO: 
INFO: 
INFO: 
INFO: 
INFO: 
INFO: 

[ 2016-09-21T09:52:19+08:00 ] 127.0.0.1 /index.php?g=Admin&m=Slide&a=index&menuid=77
NOTIC: 
INFO: 
INFO: 
INFO: 
INFO: 
NOTIC: 
NOTIC: 
NOTIC: 
SQL: 
NOTIC: 
SQL: 
NOTIC: 
NOTIC: 
NOTIC: 
SQL: 
INFO: 
INFO: 
INFO: 
INFO: 
NOTIC: 
NOTIC: 
NOTIC: 
NOTIC: 
NOTIC: 
NOTIC: 
NOTIC: 
NOTIC: 
NOTIC: 
NOTIC: 
NOTIC: 
NOTIC: 
NOTIC: 
NOTIC: 
NOTIC: 
NOTIC: 
NOTIC: 
NOTIC: 
NOTIC: 
NOTIC: 
NOTIC: 
NOTIC: 
INFO: 
INFO: 
INFO: 
INFO: 
INFO: 
INFO: 
INFO: 
INFO: 
INFO: 
INFO: 
INFO: 

[ 2016-09-21T09:52:32+08:00 ] 127.0.0.1 /index.php?g=Admin&m=Slide&a=edit&id=1
NOTIC: 
INFO: 
INFO: 
INFO: 
INFO: 
NOTIC: 
NOTIC: 
NOTIC: 
NOTIC: 
SQL: 
SQL: 
NOTIC: 
INFO: 
INFO: 
INFO: 
INFO: 
NOTIC: 
NOTIC: 
NOTIC: 
NOTIC: 
NOTIC: 
NOTIC: 
NOTIC: 
NOTIC: 
NOTIC: 
NOTIC: 
NOTIC: 
NOTIC: 
NOTIC: 
NOTIC: 
NOTIC: 
NOTIC: 
NOTIC: 
NOTIC: 
NOTIC: 
NOTIC: 
NOTIC: 
NOTIC: 
NOTIC: 
NOTIC: 
NOTIC: 
NOTIC: 
NOTIC: 
NOTIC: 
NOTIC: 
NOTIC: 
NOTIC: 
NOTIC: 
NOTIC: 
NOTIC: 
NOTIC: 
NOTIC: 
NOTIC: 
NOTIC: 
NOTIC: 
NOTIC: 
NOTIC: 
NOTIC: 
NOTIC: 
NOTIC: 
NOTIC: 
NOTIC: 
NOTIC: 
NOTIC: 
NOTIC: 
NOTIC: 
NOTIC: 
NOTIC: 
NOTIC: 
INFO: 
INFO: 
INFO: 
INFO: 
INFO: 
INFO: 
INFO: 
INFO: 
INFO: 
INFO: 
INFO: 

[ 2016-09-21T09:52:32+08:00 ] ERR: (ThinkException) 404
[ 2016-09-21T09:52:36+08:00 ] 127.0.0.1 /index.php?g=Admin&m=Slide&a=update
NOTIC: 
INFO: 
INFO: 
INFO: 
INFO: 
NOTIC: 
NOTIC: 
NOTIC: 
NOTIC: 
NOTIC: 
SQL: 
SQL: 
NOTIC: 
NOTIC: 
NOTIC: 
INFO: 
INFO: 
INFO: 
INFO: 
NOTIC: 
NOTIC: 
NOTIC: 
INFO: 
INFO: 
INFO: 
INFO: 
INFO: 
INFO: 
INFO: 
INFO: 
INFO: 
INFO: 
INFO: 

[ 2016-09-21T09:52:37+08:00 ] 127.0.0.1 /index.php?g=Admin&m=Slide&a=index
NOTIC: 
INFO: 
INFO: 
INFO: 
INFO: 
NOTIC: 
NOTIC: 
NOTIC: 
NOTIC: 
SQL: 
NOTIC: 
SQL: 
NOTIC: 
NOTIC: 
NOTIC: 
SQL: 
INFO: 
INFO: 
INFO: 
INFO: 
NOTIC: 
NOTIC: 
NOTIC: 
NOTIC: 
NOTIC: 
NOTIC: 
NOTIC: 
NOTIC: 
NOTIC: 
NOTIC: 
NOTIC: 
NOTIC: 
NOTIC: 
NOTIC: 
NOTIC: 
NOTIC: 
NOTIC: 
NOTIC: 
NOTIC: 
NOTIC: 
NOTIC: 
NOTIC: 
INFO: 
INFO: 
INFO: 
INFO: 
INFO: 
INFO: 
INFO: 
INFO: 
INFO: 
INFO: 
INFO: 

[ 2016-09-21T09:52:40+08:00 ] 127.0.0.1 /
NOTIC: 
INFO: 
INFO: 
INFO: 
INFO: 
NOTIC: 
NOTIC: 
NOTIC: 
NOTIC: 
SQL: 
NOTIC: 
SQL: 
SQL: 
NOTIC: 
NOTIC: 
INFO: 
INFO: 
INFO: 
INFO: 
NOTIC: 
NOTIC: 
NOTIC: 
NOTIC: 
NOTIC: 
NOTIC: 
SQL: 
SQL: 
NOTIC: 
NOTIC: 
NOTIC: 
NOTIC: 
NOTIC: 
NOTIC: 
NOTIC: 
NOTIC: 
NOTIC: 
NOTIC: 
NOTIC: 
NOTIC: 
NOTIC: 
NOTIC: 
NOTIC: 
NOTIC: 
NOTIC: 
NOTIC: 
NOTIC: 
NOTIC: 
NOTIC: 
NOTIC: 
NOTIC: 
NOTIC: 
NOTIC: 
NOTIC: 
NOTIC: 
NOTIC: 
NOTIC: 
INFO: 
INFO: 
INFO: 
INFO: 
INFO: 
INFO: 
INFO: 
INFO: 
INFO: 
INFO: 
INFO: 

[ 2016-09-21T09:52:40+08:00 ] ERR: (ThinkException) _MODULE_NOT_EXIST_:favicon.ico
[ 2016-09-21T09:52:40+08:00 ] ERR: (ThinkException) 404
[ 2016-09-21T09:52:44+08:00 ] 127.0.0.1 /
NOTIC: 
INFO: 
INFO: 
INFO: 
INFO: 
NOTIC: 
NOTIC: 
NOTIC: 
NOTIC: 
SQL: 
NOTIC: 
SQL: 
SQL: 
NOTIC: 
NOTIC: 
INFO: 
INFO: 
INFO: 
INFO: 
NOTIC: 
NOTIC: 
NOTIC: 
NOTIC: 
NOTIC: 
NOTIC: 
SQL: 
SQL: 
NOTIC: 
NOTIC: 
NOTIC: 
NOTIC: 
NOTIC: 
NOTIC: 
NOTIC: 
NOTIC: 
NOTIC: 
NOTIC: 
NOTIC: 
NOTIC: 
NOTIC: 
NOTIC: 
NOTIC: 
NOTIC: 
NOTIC: 
NOTIC: 
NOTIC: 
NOTIC: 
NOTIC: 
NOTIC: 
NOTIC: 
NOTIC: 
NOTIC: 
NOTIC: 
NOTIC: 
NOTIC: 
NOTIC: 
INFO: 
INFO: 
INFO: 
INFO: 
INFO: 
INFO: 
INFO: 
INFO: 
INFO: 
INFO: 
INFO: 

[ 2016-09-21T09:52:44+08:00 ] ERR: (ThinkException) _MODULE_NOT_EXIST_:favicon.ico
[ 2016-09-21T09:52:44+08:00 ] ERR: (ThinkException) 404
[ 2016-09-21T09:52:53+08:00 ] 127.0.0.1 /
NOTIC: 
INFO: 
INFO: 
INFO: 
INFO: 
NOTIC: 
NOTIC: 
NOTIC: 
NOTIC: 
SQL: 
NOTIC: 
SQL: 
SQL: 
NOTIC: 
NOTIC: 
INFO: 
INFO: 
INFO: 
INFO: 
NOTIC: 
NOTIC: 
NOTIC: 
NOTIC: 
NOTIC: 
NOTIC: 
SQL: 
SQL: 
NOTIC: 
NOTIC: 
NOTIC: 
NOTIC: 
NOTIC: 
NOTIC: 
NOTIC: 
NOTIC: 
NOTIC: 
NOTIC: 
NOTIC: 
NOTIC: 
NOTIC: 
NOTIC: 
NOTIC: 
NOTIC: 
NOTIC: 
NOTIC: 
NOTIC: 
NOTIC: 
NOTIC: 
NOTIC: 
NOTIC: 
NOTIC: 
NOTIC: 
NOTIC: 
NOTIC: 
NOTIC: 
NOTIC: 
INFO: 
INFO: 
INFO: 
INFO: 
INFO: 
INFO: 
INFO: 
INFO: 
INFO: 
INFO: 
INFO: 

[ 2016-09-21T09:52:53+08:00 ] ERR: (ThinkException) _MODULE_NOT_EXIST_:favicon.ico
[ 2016-09-21T09:52:53+08:00 ] ERR: (ThinkException) 404
[ 2016-09-21T10:51:37+08:00 ] 127.0.0.1 /index.php?g=Admin&m=Block&a=index&menuid=74
NOTIC: 
INFO: 
INFO: 
INFO: 
INFO: 
NOTIC: 
NOTIC: 
NOTIC: 
SQL: 
NOTIC: 
NOTIC: 
NOTIC: 
NOTIC: 
NOTIC: 
NOTIC: 
NOTIC: 
NOTIC: 
SQL: 
NOTIC: 
NOTIC: 
NOTIC: 
SQL: 
INFO: 
INFO: 
INFO: 
INFO: 
NOTIC: 
NOTIC: 
NOTIC: 
NOTIC: 
NOTIC: 
NOTIC: 
NOTIC: 
NOTIC: 
NOTIC: 
NOTIC: 
NOTIC: 
NOTIC: 
NOTIC: 
NOTIC: 
NOTIC: 
NOTIC: 
NOTIC: 
NOTIC: 
NOTIC: 
NOTIC: 
NOTIC: 
NOTIC: 
NOTIC: 
NOTIC: 
NOTIC: 
NOTIC: 
NOTIC: 
NOTIC: 
NOTIC: 
NOTIC: 
NOTIC: 
INFO: 
INFO: 
INFO: 
INFO: 
INFO: 
INFO: 
INFO: 
INFO: 
INFO: 
INFO: 
INFO: 

[ 2016-09-21T10:51:39+08:00 ] 127.0.0.1 /index.php?g=Admin&m=Block&a=edit&id=9&pos=evaluate
NOTIC: 
INFO: 
INFO: 
INFO: 
INFO: 
NOTIC: 
NOTIC: 
NOTIC: 
NOTIC: 
SQL: 
SQL: 
NOTIC: 
INFO: 
INFO: 
INFO: 
INFO: 
NOTIC: 
NOTIC: 
NOTIC: 
NOTIC: 
NOTIC: 
NOTIC: 
NOTIC: 
NOTIC: 
NOTIC: 
NOTIC: 
NOTIC: 
NOTIC: 
NOTIC: 
NOTIC: 
NOTIC: 
NOTIC: 
NOTIC: 
NOTIC: 
NOTIC: 
NOTIC: 
NOTIC: 
NOTIC: 
NOTIC: 
NOTIC: 
NOTIC: 
NOTIC: 
NOTIC: 
NOTIC: 
NOTIC: 
NOTIC: 
NOTIC: 
NOTIC: 
NOTIC: 
INFO: 
INFO: 
INFO: 
INFO: 
INFO: 
INFO: 
INFO: 
INFO: 
INFO: 
INFO: 
INFO: 

[ 2016-09-21T10:51:39+08:00 ] ERR: (ThinkException) 404
[ 2016-09-21T10:51:51+08:00 ] ERR: (ThinkException) 404
