[ 2016-10-19T15:01:38+08:00 ] 127.0.0.1 /
NOTIC: 
INFO: 
INFO: 
INFO: 
INFO: 
NOTIC: 
NOTIC: 
NOTIC: 
NOTIC: 
SQL: 
NOTIC: 
SQL: 
SQL: 
NOTIC: 
NOTIC: 
INFO: 
INFO: 
INFO: 
INFO: 
NOTIC: 
NOTIC: 
NOTIC: 
NOTIC: 
NOTIC: 
NOTIC: 
SQL: 
SQL: 
SQL: 
SQL: 
SQL: 
SQL: 
SQL: 
SQL: 
SQL: 
SQL: 
NOTIC: 
SQL: 
SQL: 
SQL: 
SQL: 
SQL: 
SQL: 
SQL: 
NOTIC: 
NOTIC: 
NOTIC: 
NOTIC: 
INFO: 
INFO: 
INFO: 
INFO: 
INFO: 
INFO: 
INFO: 
INFO: 
INFO: 
INFO: 
INFO: 

[ 2016-10-19T15:01:38+08:00 ] ERR: (ThinkException) 404
[ 2016-10-19T15:01:38+08:00 ] ERR: (ThinkException) 404
[ 2016-10-19T15:01:39+08:00 ] ERR: (ThinkException) 404
[ 2016-10-19T15:01:39+08:00 ] ERR: (ThinkException) 404
[ 2016-10-19T15:01:40+08:00 ] 127.0.0.1 /service/
INFO: 
INFO: 
INFO: 
NOTIC: 
INFO: 
INFO: 
INFO: 
INFO: 
NOTIC: 
NOTIC: 
NOTIC: 
NOTIC: 
NOTIC: 
NOTIC: 
NOTIC: 
NOTIC: 
SQL: 
NOTIC: 
SQL: 
SQL: 
NOTIC: 
NOTIC: 
NOTIC: 
NOTIC: 
SQL: 
SQL: 
NOTIC: 
NOTIC: 
NOTIC: 
NOTIC: 
NOTIC: 
NOTIC: 
NOTIC: 
NOTIC: 
NOTIC: 
NOTIC: 
SQL: 
INFO: 
INFO: 
INFO: 
INFO: 
NOTIC: 
NOTIC: 
NOTIC: 
SQL: 
SQL: 
NOTIC: 
SQL: 
SQL: 
NOTIC: 
NOTIC: 
NOTIC: 
INFO: 
INFO: 
INFO: 
INFO: 
INFO: 
INFO: 
INFO: 
INFO: 
INFO: 
INFO: 
INFO: 

[ 2016-10-19T15:01:40+08:00 ] ERR: (ThinkException) 404
[ 2016-10-19T15:01:40+08:00 ] ERR: (ThinkException) 404
[ 2016-10-19T15:01:41+08:00 ] ERR: (ThinkException) 404
[ 2016-10-19T15:01:43+08:00 ] 127.0.0.1 /service/
INFO: 
INFO: 
INFO: 
NOTIC: 
INFO: 
INFO: 
INFO: 
INFO: 
NOTIC: 
NOTIC: 
NOTIC: 
NOTIC: 
NOTIC: 
NOTIC: 
NOTIC: 
NOTIC: 
SQL: 
NOTIC: 
SQL: 
SQL: 
NOTIC: 
NOTIC: 
NOTIC: 
NOTIC: 
SQL: 
SQL: 
NOTIC: 
NOTIC: 
NOTIC: 
NOTIC: 
NOTIC: 
NOTIC: 
NOTIC: 
NOTIC: 
NOTIC: 
NOTIC: 
SQL: 
INFO: 
INFO: 
INFO: 
INFO: 
NOTIC: 
NOTIC: 
NOTIC: 
SQL: 
SQL: 
NOTIC: 
SQL: 
SQL: 
NOTIC: 
NOTIC: 
NOTIC: 
INFO: 
INFO: 
INFO: 
INFO: 
INFO: 
INFO: 
INFO: 
INFO: 
INFO: 
INFO: 
INFO: 

[ 2016-10-19T15:01:43+08:00 ] ERR: (ThinkException) 404
[ 2016-10-19T15:01:43+08:00 ] ERR: (ThinkException) 404
[ 2016-10-19T15:01:43+08:00 ] ERR: (ThinkException) 404
[ 2016-10-19T15:01:44+08:00 ] 127.0.0.1 /news/
INFO: 
INFO: 
INFO: 
NOTIC: 
INFO: 
INFO: 
INFO: 
INFO: 
NOTIC: 
NOTIC: 
NOTIC: 
NOTIC: 
NOTIC: 
NOTIC: 
NOTIC: 
NOTIC: 
SQL: 
NOTIC: 
SQL: 
SQL: 
NOTIC: 
NOTIC: 
NOTIC: 
NOTIC: 
SQL: 
SQL: 
NOTIC: 
NOTIC: 
NOTIC: 
NOTIC: 
NOTIC: 
NOTIC: 
NOTIC: 
NOTIC: 
NOTIC: 
NOTIC: 
SQL: 
NOTIC: 
NOTIC: 
INFO: 
INFO: 
INFO: 
INFO: 
NOTIC: 
NOTIC: 
NOTIC: 
SQL: 
SQL: 
NOTIC: 
SQL: 
SQL: 
NOTIC: 
NOTIC: 
NOTIC: 
INFO: 
INFO: 
INFO: 
INFO: 
INFO: 
INFO: 
INFO: 
INFO: 
INFO: 
INFO: 
INFO: 

[ 2016-10-19T15:01:44+08:00 ] ERR: (ThinkException) 404
[ 2016-10-19T15:01:44+08:00 ] ERR: (ThinkException) 404
[ 2016-10-19T15:01:44+08:00 ] ERR: (ThinkException) 404
[ 2016-10-19T15:01:44+08:00 ] ERR: (ThinkException) 404
[ 2016-10-19T15:01:45+08:00 ] ERR: (ThinkException) 404
